816
    1.3498  FeXXVI 1      1.600000e-03  0.0000e+00
    1.3530  FeXXVI 1      2.220000e-03  0.0000e+00
    1.3575  FeXXVI 1      3.190000e-03  0.0000e+00
    1.3641  FeXXVI 1      4.820000e-03  0.0000e+00
    1.3744  FeXXVI 1      7.800000e-03  0.0000e+00
    1.3918  FeXXVI 1      1.390000e-02  0.0000e+00
    1.4251  FeXXVI 1      2.900000e-02  0.0000e+00
    1.4608  FeXXV 1       2.780000e-02  0.0000e+00
    1.4946  FeXXV 1       5.790000e-02  0.0000e+00
    1.5028  FeXXVI 1      7.900000e-02  0.0000e+00
    1.5732  FeXXV 1       1.560000e-01  0.0000e+00
    1.7798  FeXXVI 1      4.160000e-01  0.0000e+00
    1.8504  FeXXV 1       7.980000e-01  0.0000e+00
    2.2895  CaXX 2        1.600000e-03  0.0000e+00
    2.2949  CaXX 2        2.220000e-03  0.0000e+00
    2.3026  CaXX 2        3.190000e-03  0.0000e+00
    2.3138  CaXX 2        4.820000e-03  0.0000e+00
    2.3313  CaXX 2        7.800000e-03  0.0000e+00
    2.3609  CaXX 2        1.390000e-02  0.0000e+00
    2.4174  CaXX 2        2.900000e-02  0.0000e+00
    2.5138  CaXIX 2       2.770000e-02  0.0000e+00
    2.5494  CaXX 2        7.900000e-02  0.0000e+00
    2.5714  CaXIX 2       5.750000e-02  0.0000e+00
    2.7054  CaXIX 2       1.550000e-01  0.0000e+00
    2.8294  ArXVIII 2     1.600000e-03  0.0000e+00
    2.8361  ArXVIII 2     2.220000e-03  0.0000e+00
    2.8455  ArXVIII 2     3.190000e-03  0.0000e+00
    2.8594  ArXVIII 2     4.820000e-03  0.0000e+00
    2.8810  ArXVIII 2     7.800000e-03  0.0000e+00
    2.9176  ArXVIII 2     1.390000e-02  0.0000e+00
    2.9875  ArXVIII 2     2.900000e-02  0.0000e+00
    3.0203  CaXX 3        4.160000e-01  0.0000e+00
    3.0950  ArXVII 3      1.550000e-02  0.0000e+00
    3.1281  ArXVII 3      2.760000e-02  0.0000e+00
    3.1506  ArXVIII 3     7.900000e-02  0.0000e+00
    3.1772  CaXIX 3       7.820000e-01  0.0000e+00
    3.1996  ArXVII 3      5.730000e-02  0.0000e+00
    3.3654  ArXVII 3      1.550000e-01  0.0000e+00
    3.5841  SXVI 3        1.600000e-03  0.0000e+00
    3.5926  SXVI 3        2.220000e-03  0.0000e+00
    3.6045  SXVI 3        3.190000e-03  0.0000e+00
    3.6221  SXVI 3        4.820000e-03  0.0000e+00
    3.6496  SXVI 3        7.800000e-03  0.0000e+00
    3.6959  SXVI 3        1.390000e-02  0.0000e+00
    3.7329  ArXVIII 3     4.160000e-01  0.0000e+00
    3.7845  SXVI 3        2.900000e-02  0.0000e+00
    3.8828  SXV 3         3.200000e-03  0.0000e+00
    3.8916  SXV 3         4.410000e-03  0.0000e+00
    3.9039  SXV 3         6.340000e-03  0.0000e+00
    3.9219  SXV 3         9.570000e-03  0.0000e+00
    3.9488  ArXVII 3      7.750000e-01  0.0000e+00
    3.9501  SXV 3         1.540000e-02  0.0000e+00
    3.9912  SXVI 3        7.900000e-02  0.0000e+00
    3.9978  SXV 3         2.760000e-02  0.0000e+00
    4.0885  SXV 4         5.710000e-02  0.0000e+00
    4.2991  SXV 4         1.530000e-01  0.0000e+00
    4.6849  SiXIV 4       1.600000e-03  0.0000e+00
    4.6960  SiXIV 4       2.220000e-03  0.0000e+00
    4.7116  SiXIV 4       3.190000e-03  0.0000e+00
    4.7292  SXVI 4        4.160000e-01  0.0000e+00
    4.7346  SiXIV 4       4.820000e-03  0.0000e+00
    4.7704  SiXIV 4       7.800000e-03  0.0000e+00
    4.8311  SiXIV 4       1.390000e-02  0.0000e+00
    4.9469  SiXIV 4       2.900000e-02  0.0000e+00
    5.0387  SXV 5         7.670000e-01  0.0000e+00
    5.1347  SiXIII 5      3.200000e-03  0.0000e+00
    5.1462  SiXIII 5      4.410000e-03  0.0000e+00
    5.1623  SiXIII 5      6.320000e-03  0.0000e+00
    5.1861  SiXIII 5      9.540000e-03  0.0000e+00
    5.2172  SiXIV 5       7.900000e-02  0.0000e+00
    5.2231  SiXIII 5      1.540000e-02  0.0000e+00
    5.2856  SiXIII 5      2.750000e-02  0.0000e+00
    5.4046  SiXIII 5      5.680000e-02  0.0000e+00
    5.4352  AlXIII 5      1.600000e-03  0.0000e+00
    5.4481  AlXIII 5      2.220000e-03  0.0000e+00
    5.4662  AlXIII 5      3.190000e-03  0.0000e+00
    5.4929  AlXIII 5      4.820000e-03  0.0000e+00
    5.5345  AlXIII 5      7.800000e-03  0.0000e+00
    5.6049  AlXIII 5      1.390000e-02  0.0000e+00
    5.6807  SiXIII 5      1.520000e-01  0.0000e+00
    5.7393  AlXIII 5      2.900000e-02  0.0000e+00
    6.0000  AlXII 6       3.200000e-03  0.0000e+00
    6.0134  AlXII 6       4.400000e-03  0.0000e+00
    6.0322  AlXII 6       6.310000e-03  0.0000e+00
    6.0529  AlXIII 6      7.900000e-02  0.0000e+00
    6.0598  AlXII 6       9.530000e-03  0.0000e+00
    6.1028  AlXII 6       1.540000e-02  0.0000e+00
    6.1755  AlXII 6       2.750000e-02  0.0000e+00
    6.1822  SiXIV 6       4.160000e-01  0.0000e+00
    6.3139  AlXII 6       5.670000e-02  0.0000e+00
    6.3809  MgXII 6       1.600000e-03  0.0000e+00
    6.3960  MgXII 6       2.220000e-03  0.0000e+00
    6.4173  MgXII 6       3.190000e-03  0.0000e+00
    6.4486  MgXII 6       4.820000e-03  0.0000e+00
    6.4974  MgXII 6       7.800000e-03  0.0000e+00
    6.5801  MgXII 6       1.390000e-02  0.0000e+00
    6.6348  AlXII 6       1.520000e-01  0.0000e+00
    6.6480  SiXIII 6      7.570000e-01  0.0000e+00
    6.7379  MgXII 6       2.900000e-02  0.0000e+00
    6.7870  FeXXIV 6      2.070000e-02  0.0000e+00
    7.1037  MgXI 7        3.190000e-03  0.0000e+00
    7.1062  MgXII 7       7.900000e-02  0.0000e+00
    7.1194  MgXI 7        4.400000e-03  0.0000e+00
    7.1415  MgXI 7        6.310000e-03  0.0000e+00
    7.1690  FeXXIV 7      4.000000e-02  0.0000e+00
    7.1727  AlXIII 7      4.160000e-01  0.0000e+00
    7.1741  MgXI 7        9.520000e-03  0.0000e+00
    7.2247  MgXI 7        1.530000e-02  0.0000e+00
    7.3103  MgXI 7        2.730000e-02  0.0000e+00
    7.4722  FeXXIII 7     7.330000e-02  0.0000e+00
    7.4731  MgXI 7        5.650000e-02  0.0000e+00
    7.5960  NaXI 7        1.600000e-03  0.0000e+00
    7.6140  NaXI 7        2.220000e-03  0.0000e+00
    7.6394  NaXI 7        3.190000e-03  0.0000e+00
    7.6766  NaXI 7        4.820000e-03  0.0000e+00
    7.7348  NaXI 7        7.800000e-03  0.0000e+00
    7.7573  AlXII 7       7.500000e-01  0.0000e+00
    7.8332  NaXI 7        1.390000e-02  0.0000e+00
    7.8505  MgXI 7        1.510000e-01  0.0000e+00
    7.9893  FeXXIV 7      9.670000e-02  0.0000e+00
    8.0211  NaXI 8        2.900000e-02  0.0000e+00
    8.3029  FeXXIII 8     1.790000e-01  0.0000e+00
    8.4210  MgXII 8       4.160000e-01  0.0000e+00
    8.4595  NaXI 8        7.900000e-02  0.0000e+00
    8.5300  FeXXI 8       2.340000e-02  0.0000e+00
    8.5417  NaX 8         3.180000e-03  0.0000e+00
    8.5605  NaX 8         4.400000e-03  0.0000e+00
    8.5700  FeXXI 8       7.140000e-02  0.0000e+00
    8.5869  NaX 8         6.300000e-03  0.0000e+00
    8.6257  NaX 8         9.500000e-03  0.0000e+00
    8.6862  NaX 8         1.530000e-02  0.0000e+00
    8.7884  NaX 8         2.720000e-02  0.0000e+00
    8.9828  NaX 8         5.630000e-02  0.0000e+00
    9.0400  FeXXII 9      1.250000e-01  0.0000e+00
    9.1000  FeXX 9        1.410000e-01  0.0000e+00
    9.1100  FeXXII 9      3.880000e-03  0.0000e+00
    9.1688  MgXI 9        7.420000e-01  0.0000e+00
    9.1936  NeX 9         1.600000e-03  0.0000e+00
    9.2154  NeX 9         2.220000e-03  0.0000e+00
    9.2461  NeX 9         3.190000e-03  0.0000e+00
    9.2912  NeX 9         4.820000e-03  0.0000e+00
    9.3300  FeXIX 9       9.480000e-03  0.0000e+00
    9.3616  NeX 9         7.800000e-03  0.0000e+00
    9.3700  FeXIX 9       3.740000e-02  0.0000e+00
    9.4330  NaX 9         1.500000e-01  0.0000e+00
    9.4807  NeX 9         1.390000e-02  0.0000e+00
    9.5000  FeXXI 9       6.140000e-02  0.0000e+00
    9.5120  FeXXI 9       1.890000e-01  0.0000e+00
    9.5600  FeXIX 9       1.100000e-02  0.0000e+00
    9.5700  FeXIX 9       3.390000e-02  0.0000e+00
    9.7082  NeX 9         2.900000e-02  0.0000e+00
    9.7200  FeXIX 9       3.880000e-02  0.0000e+00
    9.8500  FeXIX 9       6.400000e-02  0.0000e+00
    9.9100  FeXVIII 9     2.010000e-02  0.0000e+00
   10.0250  NaXI 10       4.160000e-01  0.0000e+00
   10.0600  FeXVIII 10    5.450000e-02  0.0000e+00
   10.1200  FeXVII 10     5.050000e-02  0.0000e+00
   10.1750  FeXXIII 10    3.300000e-02  0.0000e+00
   10.2389  NeX 10        7.900000e-02  0.0000e+00
   10.3700  FeXVIII 10    4.670000e-02  0.0000e+00
   10.4100  FeXVIII 10    2.360000e-02  0.0000e+00
   10.5130  NeIX 10       6.280000e-03  0.0000e+00
   10.5500  FeXVIII 10    8.690000e-02  0.0000e+00
   10.5600  FeXXIII 10    4.320000e-02  0.0000e+00
   10.5650  NeIX 10       9.470000e-03  0.0000e+00
   10.6340  FeXXIV 10     3.920000e-01  0.0000e+00
   10.6426  NeIX 10       1.530000e-02  0.0000e+00
   10.7643  NeIX 10       2.710000e-02  0.0000e+00
   10.9810  FeXXIII 10    6.950000e-01  0.0000e+00
   11.0003  NeIX 11       5.610000e-02  0.0000e+00
   11.0027  NaX 11        7.340000e-01  0.0000e+00
   11.0200  FeXVII 11     9.350000e-02  0.0000e+00
   11.1300  FeXVII 11     3.460000e-01  0.0000e+00
   11.3529  FIX 11        1.600000e-03  0.0000e+00
   11.3798  FIX 11        2.220000e-03  0.0000e+00
   11.4177  FIX 11        3.190000e-03  0.0000e+00
   11.4600  FeXXII 11     3.270000e-01  0.0000e+00
   11.4734  FIX 11        4.820000e-03  0.0000e+00
   11.5466  NeIX 11       1.490000e-01  0.0000e+00
   11.5604  FIX 11        7.800000e-03  0.0000e+00
   11.6200  CaXVIII 11    1.200000e-02  0.0000e+00
   11.6600  FeXXII 11     1.600000e-01  0.0000e+00
   11.7075  FIX 11        1.390000e-02  0.0000e+00
   11.8700  FeXXII 11     6.750000e-01  0.0000e+00
   11.9884  FIX 11        2.900000e-02  0.0000e+00
   11.9900  CaXVIII 11    2.020000e-02  0.0000e+00
   12.1200  FeXVII 12     7.420000e-01  0.0000e+00
   12.1339  NeX 12        4.160000e-01  0.0000e+00
   12.2830  FeXXI 12      3.160000e-01  0.0000e+00
   12.3580  FeXXI 12      9.640000e-01  0.0000e+00
   12.6360  CaXVIII 12    3.890000e-02  0.0000e+00
   12.6438  FIX 12        7.900000e-02  0.0000e+00
   12.8200  FeXX 12       1.880000e+00  0.0000e+00
   12.8910  FeXVIII 12    2.670000e-02  0.0000e+00
   12.9170  FeXVIII 12    5.420000e-02  0.0000e+00
   13.1430  FVIII 13      4.370000e-03  0.0000e+00
   13.1850  FVIII 13      6.260000e-03  0.0000e+00
   13.2180  FeXVIII 13    4.850000e-02  0.0000e+00
   13.2440  FVIII 13      9.430000e-03  0.0000e+00
   13.3340  FVIII 13      1.520000e-02  0.0000e+00
   13.3710  FeXVIII 13    1.570000e-01  0.0000e+00
   13.4040  FeXVIII 13    1.100000e-01  0.0000e+00
   13.4471  NeIX 13       7.240000e-01  0.0000e+00
   13.4880  FVIII 13      2.700000e-02  0.0000e+00
   13.7810  FVIII 13      5.570000e-02  0.0000e+00
   13.8230  FeXVII 13     3.310000e-01  0.0000e+00
   14.0070  FeXVIII 14    2.550000e-01  0.0000e+00
   14.0520  CaXVIII 14    9.390000e-02  0.0000e+00
   14.2520  FeXVIII 14    1.040000e+00  0.0000e+00
   14.2530  FeXVIII 14    7.570000e-01  0.0000e+00
   14.3260  FeXVIII 14    1.980000e-01  0.0000e+00
   14.3716  OVIII 14      1.600000e-03  0.0000e+00
   14.4058  OVIII 14      2.220000e-03  0.0000e+00
   14.4440  FeXVIII 14    3.880000e-01  0.0000e+00
   14.4537  OVIII 14      3.190000e-03  0.0000e+00
   14.4580  FVIII 14      1.480000e-01  0.0000e+00
   14.4650  FeXVIII 14    4.560000e-02  0.0000e+00
   14.4700  FeXIX 14      3.670000e-02  0.0000e+00
   14.5243  OVIII 14      4.820000e-03  0.0000e+00
   14.6343  OVIII 14      7.800000e-03  0.0000e+00
   14.7900  FeXIX 14      6.080000e-02  0.0000e+00
   14.8206  OVIII 14      1.390000e-02  0.0000e+00
   14.9841  FIX 14        4.160000e-01  0.0000e+00
   15.0150  FeXVII 15     2.950000e+00  0.0000e+00
   15.0600  FeXIX 15      3.910000e-02  0.0000e+00
   15.1762  OVIII 15      2.900000e-02  0.0000e+00
   15.2880  FeXVIII 15    1.240000e-02  0.0000e+00
   15.7050  FeXVIII 15    6.360000e-02  0.0000e+00
   16.0059  OVIII 16      7.900000e-02  0.0000e+00
   16.0120  FeXVIII 16    9.840000e-02  0.0000e+00
   16.8070  FVIII 16      7.110000e-01  0.0000e+00
   16.9223  OVII 16       3.140000e-03  0.0000e+00
   16.9584  OVII 16       4.340000e-03  0.0000e+00
   17.0092  OVII 17       6.220000e-03  0.0000e+00
   17.0860  OVII 17       9.370000e-03  0.0000e+00
   17.2000  OVII 17       1.510000e-02  0.0000e+00
   17.3960  OVII 17       2.680000e-02  0.0000e+00
   17.7680  OVII 17       5.520000e-02  0.0000e+00
   18.6288  OVII 18       1.460000e-01  0.0000e+00
   18.7050  CaXVIII 18    3.730000e-01  0.0000e+00
   18.7747  NVII 18       1.600000e-03  0.0000e+00
   18.8180  ArXV 18       1.660000e-01  0.0000e+00
   18.8193  NVII 18       2.220000e-03  0.0000e+00
   18.8820  NVII 18       3.190000e-03  0.0000e+00
   18.9689  OVIII 18      4.160000e-01  0.0000e+00
   18.9741  NVII 18       4.820000e-03  0.0000e+00
   19.1179  NVII 19       7.800000e-03  0.0000e+00
   19.3613  NVII 19       1.390000e-02  0.0000e+00
   19.5600  CaXVII 19     6.540000e-01  0.0000e+00
   19.8258  NVII 19       2.900000e-02  0.0000e+00
   20.9098  NVII 20       7.900000e-02  0.0000e+00
   21.0000  CaXVI 21      1.500000e-01  0.0000e+00
   21.1130  ArXIV 21      1.260000e-01  0.0000e+00
   21.5600  CaXVI 21      6.590000e-01  0.0000e+00
   21.6019  OVII 21       6.960000e-01  0.0000e+00
   22.3730  ArXV 22       3.310000e-02  0.0000e+00
   22.6800  CaXV 22       3.050000e-01  0.0000e+00
   22.7780  CaXV 22       9.260000e-01  0.0000e+00
   23.0000  ArXIII 23     6.170000e-02  0.0000e+00
   23.0084  SXIV 23       9.040000e-02  0.0000e+00
   23.6010  ArXIII 23     9.810000e-03  0.0000e+00
   23.7000  SXII 23       1.450000e-02  0.0000e+00
   23.7710  NVI 23        5.460000e-02  0.0000e+00
   24.1140  CaXIV 24      1.790000e+00  0.0000e+00
   24.3900  SXII 24       2.420000e-02  0.0000e+00
   24.5900  SXIII 24      1.610000e-01  0.0000e+00
   24.7370  ArXV 24       6.360000e-01  0.0000e+00
   24.7810  NVII 24       4.160000e-01  0.0000e+00
   24.9000  NVI 24        1.440000e-01  0.0000e+00
   25.0400  ArXII 25      3.820000e-01  0.0000e+00
   25.3270  CaXI 25       6.520000e-01  0.0000e+00
   25.5180  ArXIV 25      1.530000e-01  0.0000e+00
   25.5588  CVI 25        1.600000e-03  0.0000e+00
   25.6000  CaXIII 25     5.580000e-01  0.0000e+00
   25.6194  CVI 25        2.220000e-03  0.0000e+00
   25.6300  SXII 25       4.190000e-02  0.0000e+00
   25.6589  SiXII 25      1.150000e-02  0.0000e+00
   25.7048  CVI 25        3.190000e-03  0.0000e+00
   25.7700  CaXIII 25     5.230000e-02  0.0000e+00
   25.8303  CVI 25        4.820000e-03  0.0000e+00
   25.9600  CaXIII 25     1.700000e-01  0.0000e+00
   26.0260  CVI 26        7.800000e-03  0.0000e+00
   26.0400  CaXIII 26     5.000000e-01  0.0000e+00
   26.1400  CaXIII 26     5.320000e-01  0.0000e+00
   26.3150  ArXIII 26     4.740000e-02  0.0000e+00
   26.3573  CVI 26        1.390000e-02  0.0000e+00
   26.4420  CaXI 26       2.860000e-02  0.0000e+00
   26.4571  SiXII 26      1.940000e-02  0.0000e+00
   26.4850  ArXIII 26     1.220000e-01  0.0000e+00
   26.8100  CaXIII 26     2.410000e-01  0.0000e+00
   26.8600  SXII 26       6.600000e-02  0.0000e+00
   26.9620  CaXI 26       3.040000e-01  0.0000e+00
   26.9898  CVI 26        2.900000e-02  0.0000e+00
   27.4750  CaXII 27      1.820000e-01  0.0000e+00
   27.5590  ArXIII 27     1.990000e-01  0.0000e+00
   27.5770  ArXIV 27      6.520000e-01  0.0000e+00
   27.8800  FeXVI 27      7.520000e-03  0.0000e+00
   27.8980  SiXII 27      3.700000e-02  0.0000e+00
   28.0200  CaXII 28      8.540000e-01  0.0000e+00
   28.0510  CaXII 28      6.380000e-01  0.0000e+00
   28.1750  CaXII 28      1.750000e-01  0.0000e+00
   28.2920  SXII 28       1.250000e-01  0.0000e+00
   28.4656  CVI 28        7.900000e-02  0.0000e+00
   28.4766  SiXI 28       4.010000e-03  0.0000e+00
   28.6150  CaXII 28      3.840000e-01  0.0000e+00
   28.6450  CaXII 28      4.560000e-02  0.0000e+00
   28.6700  FeXVI 28      1.130000e-02  0.0000e+00
   28.7870  NVI 28        6.750000e-01  0.0000e+00
   28.9260  SXIII 28      3.320000e-02  0.0000e+00
   29.0350  CaXIII 29     6.460000e-02  0.0000e+00
   29.1310  ArX 29        3.380000e-02  0.0000e+00
   29.2570  ArXIII 29     2.990000e-01  0.0000e+00
   29.3700  ArXIII 29     9.080000e-01  0.0000e+00
   29.4160  AlXI 29       5.010000e-03  0.0000e+00
   29.4230  ArXIV 29      2.220000e-02  0.0000e+00
   29.7330  CaXIII 29     4.200000e-02  0.0000e+00
   29.7930  AlXI 29       7.320000e-03  0.0000e+00
   29.9300  FeXVI 29      1.830000e-02  0.0000e+00
   30.0770  SXIII 30      2.610000e-02  0.0000e+00
   30.3218  SiXI 30       6.090000e-02  0.0000e+00
   30.3760  AlXI 30       1.140000e-02  0.0000e+00
   30.4410  SXIV 30       3.560000e-01  0.0000e+00
   30.4468  CaXI 30       2.340000e+00  0.0000e+00
   30.5800  ArXII 30      2.450000e-01  0.0000e+00
   30.8680  CaXII 30      1.240000e-02  0.0000e+00
   30.9960  ArX 30        1.040000e-01  0.0000e+00
   31.0156  SiXII 31      8.830000e-02  0.0000e+00
   31.0180  SXI 31        1.970000e-01  0.0000e+00
   31.0826  SiXI 31       1.470000e-02  0.0000e+00
   31.3130  AlXI 31       1.910000e-02  0.0000e+00
   31.3720  ArXII 31      1.740000e+00  0.0000e+00
   31.5120  ArIX 31       1.530000e-01  0.0000e+00
   31.6213  SiXI 31       4.150000e-05  0.0000e+00
   31.7580  CaXII 31      6.620000e-02  0.0000e+00
   31.7990  ArXIII 31     6.090000e-02  0.0000e+00
   32.0552  CV 32         6.090000e-03  0.0000e+00
   32.1740  FeXVI 32      3.320000e-02  0.0000e+00
   32.1901  CV 32         9.170000e-03  0.0000e+00
   32.2420  SXIII 32      6.130000e-01  0.0000e+00
   32.3260  CaXII 32      1.060000e-01  0.0000e+00
   32.3998  CV 32         1.480000e-02  0.0000e+00
   32.5130  ArX 32        3.390000e-02  0.0000e+00
   32.6140  ArX 32        1.170000e-02  0.0000e+00
   32.6670  ArIX 32       2.780000e-01  0.0000e+00
   32.6750  ArX 32        1.210000e-01  0.0000e+00
   32.7542  CV 32         2.610000e-02  0.0000e+00
   32.7600  SXII 32       1.920000e-02  0.0000e+00
   33.0070  AlXI 33       3.660000e-02  0.0000e+00
   33.4262  CV 33         5.360000e-02  0.0000e+00
   33.5133  SiXI 33       1.530000e-01  0.0000e+00
   33.7200  ArXI 33       4.900000e-01  0.0000e+00
   33.7360  CVI 33        4.160000e-01  0.0000e+00
   34.1790  ArXI 34       1.610000e-01  0.0000e+00
   34.2107  SiX 34        2.400000e-02  0.0000e+00
   34.2340  SXII 34       5.290000e-02  0.0000e+00
   34.3100  SX 34         3.770000e-01  0.0000e+00
   34.3200  ArXI 34       4.770000e-01  0.0000e+00
   34.4200  ArXI 34       4.990000e-01  0.0000e+00
   34.5750  SXII 34       2.590000e-01  0.0000e+00
   34.7420  ArXII 34      1.100000e-01  0.0000e+00
   34.9728  CV 34         1.410000e-01  0.0000e+00
   35.0239  ArIX 35       5.240000e-01  0.0000e+00
   35.2116  CaXI 35       2.320000e-01  0.0000e+00
   35.2510  SXII 35       1.390000e-01  0.0000e+00
   35.3660  MgX 35        4.960000e-03  0.0000e+00
   35.4850  ArXI 35       2.540000e-01  0.0000e+00
   35.8270  MgX 35        7.260000e-03  0.0000e+00
   35.8340  ArIX 35       3.330000e-01  0.0000e+00
   35.9020  SiX 35        5.040000e-02  0.0000e+00
   36.5090  SXII 36       6.410000e-01  0.0000e+00
   36.5180  MgX 36        1.120000e-02  0.0000e+00
   36.6315  ArX 36        1.500000e-01  0.0000e+00
   36.6751  AlXI 36       8.720000e-02  0.0000e+00
   36.7670  FeXVI 36      7.280000e-02  0.0000e+00
   36.8097  BV 36         1.600000e-03  0.0000e+00
   36.8971  BV 36         2.220000e-03  0.0000e+00
   36.9829  ArIX 36       5.110000e-02  0.0000e+00
   37.0200  BV 37         3.190000e-03  0.0000e+00
   37.1890  SiX 37        6.120000e-02  0.0000e+00
   37.2008  BV 37         4.820000e-03  0.0000e+00
   37.4809  ArX 37        7.240000e-01  0.0000e+00
   37.4827  BV 37         7.800000e-03  0.0000e+00
   37.5310  ArX 37        5.670000e-01  0.0000e+00
   37.6440  MgX 37        1.890000e-02  0.0000e+00
   37.7081  ArX 37        1.630000e-01  0.0000e+00
   37.7190  SXI 37        1.790000e-01  0.0000e+00
   37.9080  ArXI 37       3.770000e-02  0.0000e+00
   37.9599  BV 37         1.390000e-02  0.0000e+00
   38.3730  ArX 38        5.310000e-02  0.0000e+00
   38.3750  ArX 38        4.050000e-01  0.0000e+00
   38.6090  SiXI 38       3.360000e-02  0.0000e+00
   38.7080  ArXI 38       6.650000e-02  0.0000e+00
   38.8708  BV 38         2.900000e-02  0.0000e+00
   38.9403  SIX 38        8.870000e-02  0.0000e+00
   38.9560  FeXV 38       1.090000e-01  0.0000e+00
   39.0245  SIX 39        7.560000e-02  0.0000e+00
   39.1750  SXI 39        2.910000e-01  0.0000e+00
   39.3157  SXI 39        8.780000e-01  0.0000e+00
   39.5155  SiX 39        1.270000e-01  0.0000e+00
   39.6680  MgX 39        3.610000e-02  0.0000e+00
   39.8260  ArXI 39       4.360000e-02  0.0000e+00
   40.2331  SIX 40        1.270000e-01  0.0000e+00
   40.2678  CV 40         6.480000e-01  0.0000e+00
   40.4722  SiXI 40       2.040000e-02  0.0000e+00
   40.6380  MgIX 40       1.290000e-02  0.0000e+00
   40.9243  SiXII 40      3.430000e-01  0.0000e+00
   40.9964  BV 40         7.900000e-02  0.0000e+00
   41.3570  SX 41         2.100000e-01  0.0000e+00
   41.4760  ArIX 41       2.010000e+00  0.0000e+00
   41.5150  AlIX 41       2.320000e-02  0.0000e+00
   41.6771  ArX 41        1.270000e-02  0.0000e+00
   41.8030  MgIX 41       3.320000e-02  0.0000e+00
   42.5173  SX 42         1.660000e+00  0.0000e+00
   43.0491  ArX 43        6.760000e-02  0.0000e+00
   43.1301  SXI 43        6.340000e-02  0.0000e+00
   43.5182  AlIX 43       4.960000e-02  0.0000e+00
   43.7623  SiXI 43       5.830000e-01  0.0000e+00
   43.8429  MgIX 43       4.870000e-02  0.0000e+00
   43.9612  ArX 43        1.090000e-01  0.0000e+00
   44.0500  MgX 44        8.520000e-02  0.0000e+00
   44.2272  SiIX 44       1.860000e-01  0.0000e+00
   44.2809  MgIX 44       2.290000e-02  0.0000e+00
   44.6100  SiX 44        7.770000e-03  0.0000e+00
   44.7249  NaIX 44       1.100000e-02  0.0000e+00
   44.7338  AlIX 44       5.820000e-02  0.0000e+00
   44.7930  SiX 44        4.040000e-02  0.0000e+00
   45.3636  SVIII 45      5.190000e-02  0.0000e+00
   45.3845  SVIII 45      1.800000e-01  0.0000e+00
   46.0900  NaIX 46       1.850000e-02  0.0000e+00
   46.2120  SVII 46       8.350000e-02  0.0000e+00
   46.4698  SIX 46        4.030000e-01  0.0000e+00
   46.6910  SIX 46        4.890000e-02  0.0000e+00
   46.9940  SiX 46        4.740000e-02  0.0000e+00
   47.0981  SVII 47       1.340000e-01  0.0000e+00
   47.1323  SIX 47        1.480000e-01  0.0000e+00
   47.3107  SIX 47        4.380000e-01  0.0000e+00
   47.5331  SiX 47        2.360000e-01  0.0000e+00
   47.5336  SIX 47        4.480000e-01  0.0000e+00
   47.5951  SVIII 47      3.150000e-02  0.0000e+00
   47.7419  SX 47         1.150000e-01  0.0000e+00
   47.8041  AlX 47        1.720000e-02  0.0000e+00
   47.8230  AlIX 47       1.380000e-01  0.0000e+00
   48.3107  AlXI 48       3.350000e-01  0.0000e+00
   48.3400  MgIX 48       1.430000e-01  0.0000e+00
   48.5114  SiX 48        1.310000e-01  0.0000e+00
   48.5531  NaIX 48       3.540000e-02  0.0000e+00
   48.5873  BV 48         4.160000e-01  0.0000e+00
   48.6469  SVII 48       2.200000e-01  0.0000e+00
   48.7389  ArIX 48       2.380000e-01  0.0000e+00
   49.2197  SIX 49        2.670000e-01  0.0000e+00
   49.4549  BIV 49        2.560000e-02  0.0000e+00
   50.0062  SiVIII 50     3.140000e-01  0.0000e+00
   50.1913  MgVIII 50     2.390000e-02  0.0000e+00
   50.4181  FeXVI 50      2.380000e-01  0.0000e+00
   50.4347  BIV 50        5.210000e-02  0.0000e+00
   50.6359  SiX 50        6.260000e-01  0.0000e+00
   51.3056  SVIII 51      1.160000e-01  0.0000e+00
   51.4441  MgVIII 51     1.600000e-02  0.0000e+00
   51.7891  NaVIII 51     3.160000e-02  0.0000e+00
   51.8070  SVII 51       6.080000e-01  0.0000e+00
   51.9791  AlX 51        5.650000e-01  0.0000e+00
   52.6807  BIV 52        1.350000e-01  0.0000e+00
   52.8154  SiIX 52       1.570000e-01  0.0000e+00
   52.8196  SVIII 52      5.500000e-01  0.0000e+00
   52.8543  SVIII 52      4.670000e-01  0.0000e+00
   52.9109  FeXV 52       4.080000e-01  0.0000e+00
   52.9665  SIX 52        3.870000e-02  0.0000e+00
   53.0497  SVIII 53      1.460000e-01  0.0000e+00
   53.0550  AlIX 53       8.550000e-03  0.0000e+00
   53.3394  AlIX 53       3.810000e-02  0.0000e+00
   53.8100  NeVIII 53     3.440000e-03  0.0000e+00
   53.8602  NaIX 53       8.370000e-02  0.0000e+00
   53.8741  MgVIII 53     4.680000e-02  0.0000e+00
   53.9337  SiIX 53       3.800000e-02  0.0000e+00
   54.2330  AlVIII 54     1.830000e-01  0.0000e+00
   54.2561  NaVIII 54     8.620000e-03  0.0000e+00
   54.2724  SVIII 54      6.590000e-02  0.0000e+00
   54.2776  SVIII 54      4.270000e-01  0.0000e+00
   54.3003  SIX 54        6.840000e-02  0.0000e+00
   54.3018  MgIX 54       3.420000e-02  0.0000e+00
   54.3090  NeVIII 54     4.790000e-03  0.0000e+00
   54.3800  NaVIII 54     5.910000e-02  0.0000e+00
   54.5203  SiVII 54      2.540000e-02  0.0000e+00
   54.5804  SiVII 54      8.210000e-04  0.0000e+00
   54.6520  SVII 54       4.430000e-02  0.0000e+00
   54.8795  MgVIII 54     5.170000e-02  0.0000e+00
   55.0100  NeVIII 55     7.010000e-03  0.0000e+00
   55.0250  SiX 55        2.430000e-02  0.0000e+00
   55.1886  MgVIII 55     3.260000e-02  0.0000e+00
   55.1914  SiIX 55       2.780000e-01  0.0000e+00
   55.3842  SiIX 55       8.380000e-01  0.0000e+00
   56.0431  NeVIII 56     1.080000e-02  0.0000e+00
   56.2017  SIX 56        4.540000e-02  0.0000e+00
   56.2525  AlIX 56       4.390000e-02  0.0000e+00
   56.5906  SiVII 56      9.180000e-02  0.0000e+00
   56.9372  AlIX 56       2.230000e-01  0.0000e+00
   57.0709  MgVIII 57     4.880000e-03  0.0000e+00
   57.3710  MgIX 57       1.360000e-02  0.0000e+00
   57.3895  SiVII 57      7.320000e-02  0.0000e+00
   57.4987  SiVII 57      2.600000e-02  0.0000e+00
   57.5221  BeIV 57       1.600000e-03  0.0000e+00
   57.6587  BeIV 57       2.220000e-03  0.0000e+00
   57.7470  MgVIII 57     5.580000e-03  0.0000e+00
   57.7471  NeVIII 57     1.810000e-02  0.0000e+00
   57.8508  BeIV 57       3.190000e-03  0.0000e+00
   57.8907  MgX 57        3.260000e-01  0.0000e+00
   58.1332  BeIV 58       4.820000e-03  0.0000e+00
   58.1861  AlIX 58       1.260000e-01  0.0000e+00
   58.2843  MgVII 58      1.910000e-02  0.0000e+00
   58.4550  SiVII 58      4.120000e-02  0.0000e+00
   58.5121  SiVII 58      8.220000e-02  0.0000e+00
   58.5739  BeIV 58       7.800000e-03  0.0000e+00
   58.6466  SiVII 58      7.170000e-02  0.0000e+00
   58.7510  AlVII 58      1.740000e-02  0.0000e+00
   58.7862  MgVIII 58     1.230000e-02  0.0000e+00
   58.8848  SiVIII 58     1.750000e-01  0.0000e+00
   58.9528  SVIII 58      2.360000e-02  0.0000e+00
   59.1146  MgVIII 59     1.240000e-01  0.0000e+00
   59.3195  BeIV 59       1.390000e-02  0.0000e+00
   59.3546  SVIII 59      1.300000e-02  0.0000e+00
   59.3755  FeXIV 59      2.830000e-01  0.0000e+00
   59.7589  NaVIII 59     1.360000e-01  0.0000e+00
   59.9540  SiVII 59      8.310000e-03  0.0000e+00
   60.1042  MgVII 60      1.360000e-02  0.0000e+00
   60.1614  SVII 60       1.600000e+00  0.0000e+00
   60.3145  BIV 60        6.110000e-01  0.0000e+00
   60.7431  BeIV 60       2.900000e-02  0.0000e+00
   60.7652  MgVIII 60     3.020000e-03  0.0000e+00
   60.7958  NeVIII 60     3.450000e-02  0.0000e+00
   60.9096  SiVII 60      1.170000e-01  0.0000e+00
   61.0119  AlIX 61       6.180000e-01  0.0000e+00
   61.0394  SiVIII 61     1.520000e+00  0.0000e+00
   61.1027  MgVIII 61     7.790000e-04  0.0000e+00
   61.3799  SiVII 61      2.570000e-02  0.0000e+00
   61.6459  SiIX 61       6.610000e-02  0.0000e+00
   61.7248  SVIII 61      6.910000e-02  0.0000e+00
   62.2400  FeXIII 62     1.060000e-01  0.0000e+00
   62.6595  MgVII 62      1.970000e-02  0.0000e+00
   62.6970  NaVII 62      8.850000e-03  0.0000e+00
   62.7510  MgIX 62       5.430000e-01  0.0000e+00
   62.8172  FeXIII 62     3.460000e-01  0.0000e+00
   63.1986  NaVII 63      1.980000e-02  0.0000e+00
   63.3475  SVIII 63      1.130000e-01  0.0000e+00
   63.3586  MgVII 63      4.890000e-02  0.0000e+00
   63.4146  NaVII 63      1.730000e-02  0.0000e+00
   63.7489  NaVII 63      1.410000e-02  0.0000e+00
   63.9945  AlVIII 63     1.450000e-01  0.0000e+00
   64.0648  BeIV 64       7.900000e-02  0.0000e+00
   64.0835  NaVII 64      1.290000e-02  0.0000e+00
   64.1330  CaX 64        5.830000e-03  0.0000e+00
   64.3340  MgVIII 64     9.870000e-03  0.0000e+00
   64.5924  MgVIII 64     3.530000e-02  0.0000e+00
   64.6559  MgVIII 64     1.870000e-02  0.0000e+00
   64.8090  AlVII 64      3.270000e-02  0.0000e+00
   65.4354  AlVIII 65     3.610000e-02  0.0000e+00
   65.4436  NaVII 65      2.520000e-02  0.0000e+00
   65.8241  CaX 65        8.750000e-03  0.0000e+00
   65.8500  NeVII 65      2.930000e-02  0.0000e+00
   66.0620  NaVIII 66     3.500000e-02  0.0000e+00
   66.1397  FeXII 66      5.240000e-01  0.0000e+00
   66.7664  AlIX 66       2.500000e-02  0.0000e+00
   66.8479  SiVI 66       7.540000e-03  0.0000e+00
   67.2024  AlVIII 67     2.700000e-01  0.0000e+00
   67.3818  NeVIII 67     8.120000e-02  0.0000e+00
   67.4419  AlVIII 67     8.110000e-01  0.0000e+00
   67.7870  NeVII 67      5.060000e-03  0.0000e+00
   68.0209  MgVII 68      5.920000e-02  0.0000e+00
   68.1174  MgVII 68      1.740000e-01  0.0000e+00
   68.2569  SiVII 68      3.030000e-01  0.0000e+00
   68.4868  NaVII 68      4.660000e-02  0.0000e+00
   68.4969  CaX 68        1.410000e-02  0.0000e+00
   68.5218  SiVII 68      5.070000e-02  0.0000e+00
   68.5538  MgVIII 68     3.990000e-02  0.0000e+00
   68.8979  NaVII 68      4.590000e-02  0.0000e+00
   69.2972  NeVII 69      1.170000e-02  0.0000e+00
   69.3043  SiVI 69       8.080000e-02  0.0000e+00
   69.3678  NaVII 69      2.770000e-03  0.0000e+00
   69.4570  MgVIII 69     2.060000e-01  0.0000e+00
   69.4797  SiVII 69      1.280000e-01  0.0000e+00
   69.7301  SiVIII 69     1.190000e-01  0.0000e+00
   69.7359  SiVII 69      3.790000e-01  0.0000e+00
   69.8799  NaVII 69      3.180000e-02  0.0000e+00
   70.1201  NaVIII 70     9.820000e-03  0.0000e+00
   70.1219  SiVII 70      3.660000e-01  0.0000e+00
   70.3012  FeXIV 70      6.490000e-02  0.0000e+00
   70.6274  NaIX 70       3.150000e-01  0.0000e+00
   70.7112  NaVII 70      7.650000e-03  0.0000e+00
   70.9800  FVII 70       6.810000e-03  0.0000e+00
   71.0805  MgVIII 71     1.200000e-01  0.0000e+00
   71.2670  SiVI 71       2.200000e-01  0.0000e+00
   71.3691  SiVI 71       6.570000e-02  0.0000e+00
   71.9930  NaVII 71      1.470000e-02  0.0000e+00
   72.0285  SVII 72       2.430000e-01  0.0000e+00
   72.2775  AlVII 72      1.570000e-01  0.0000e+00
   72.3140  FVII 72       1.050000e-02  0.0000e+00
   72.8911  FeIX 72       6.350000e-02  0.0000e+00
   72.9428  FeXI 72       1.330000e-01  0.0000e+00
   72.9860  SiVI 72       1.160000e-02  0.0000e+00
   73.1682  CaX 73        2.520000e-02  0.0000e+00
   73.2337  SiVII 73      2.740000e-01  0.0000e+00
   74.4654  FVII 74       1.760000e-02  0.0000e+00
   74.5165  AlVI 74       8.310000e-02  0.0000e+00
   74.5740  MgVI 74       9.250000e-03  0.0000e+00
   74.7326  AlVI 74       6.120000e-02  0.0000e+00
   74.9403  NaVII 74      1.220000e-01  0.0000e+00
   74.9431  FeXIII 74     1.010000e-01  0.0000e+00
   74.9760  MgVIII 74     6.060000e-01  0.0000e+00
   75.1760  NaVII 75      2.530000e-03  0.0000e+00
   75.2900  SiVI 75       2.370000e-02  0.0000e+00
   75.3302  AlVII 75      1.440000e+00  0.0000e+00
   75.7650  NeVII 75      1.260000e-01  0.0000e+00
   75.7976  AlVIII 75     6.810000e-02  0.0000e+00
   75.8560  MgVI 75       2.620000e-02  0.0000e+00
   75.9277  BeIV 75       4.160000e-01  0.0000e+00
   75.9464  FeX 75        1.310000e-01  0.0000e+00
   76.0280  CaIX 76       2.400000e-02  0.0000e+00
   76.2760  FeX 76        1.310000e-01  0.0000e+00
   76.4799  AlVI 76       1.320000e-02  0.0000e+00
   77.0869  MgVII 77      8.430000e-03  0.0000e+00
   77.2660  NaVIII 77     5.170000e-01  0.0000e+00
   77.3106  NaVII 77      1.170000e-03  0.0000e+00
   77.5174  FeX 77        2.330000e-02  0.0000e+00
   77.5239  SiVI 77       8.100000e-02  0.0000e+00
   78.0260  AlVI 78       3.680000e-02  0.0000e+00
   78.1613  FeX 78        1.850000e-01  0.0000e+00
   78.3580  FVII 78       3.330000e-02  0.0000e+00
   78.4620  MgVII 78      7.450000e-02  0.0000e+00
   78.5414  AlVI 78       9.050000e-02  0.0000e+00
   79.1424  MgVII 79      1.330000e-01  0.0000e+00
   79.3727  SiVII 79      3.980000e-02  0.0000e+00
   79.5258  NaVII 79      1.270000e-02  0.0000e+00
   79.8353  FeXII 79      1.870000e-01  0.0000e+00
   79.8413  MgVI 79       2.220000e-01  0.0000e+00
   79.8588  NaVII 79      3.180000e-02  0.0000e+00
   79.9713  NaVII 79      1.870000e-02  0.0000e+00
   80.5374  SiVI 80       3.420000e-01  0.0000e+00
   80.6582  SiVI 80       3.300000e-01  0.0000e+00
   80.8085  SiVI 80       1.200000e-01  0.0000e+00
   80.9173  CaIX 80       3.840000e-02  0.0000e+00
   81.0822  MgVII 81      3.370000e-02  0.0000e+00
   81.5033  NaVI 81       6.490000e-02  0.0000e+00
   81.6797  FVI 81        5.620000e-03  0.0000e+00
   81.7536  SiVII 81      7.040000e-02  0.0000e+00
   81.8910  BeIII 81      8.570000e-03  0.0000e+00
   82.0082  NeVII 82      3.640000e-02  0.0000e+00
   82.1717  AlVI 82       1.200000e-02  0.0000e+00
   82.3770  BeIII 82      1.370000e-02  0.0000e+00
   82.4300  FeIX 82       5.480000e-01  0.0000e+00
   82.7480  MgVIII 82     2.600000e-02  0.0000e+00
   82.8187  CaX 82        5.340000e-02  0.0000e+00
   83.0790  FVI 83        1.120000e-02  0.0000e+00
   83.2020  BeIII 83      2.430000e-02  0.0000e+00
   83.2154  SiVI 83       8.270000e-02  0.0000e+00
   83.2973  SiVI 83       4.220000e-01  0.0000e+00
   83.5600  MgVI 83       2.250000e-02  0.0000e+00
   83.6742  MgVII 83      2.590000e-01  0.0000e+00
   83.9981  MgVII 83      7.770000e-01  0.0000e+00
   84.4260  FVI 84        1.720000e-02  0.0000e+00
   84.7580  BeIII 84      4.930000e-02  0.0000e+00
   85.4034  NaVII 85      3.500000e-02  0.0000e+00
   85.4330  SiVII 85      4.760000e-02  0.0000e+00
   85.6330  AlVI 85       2.490000e-01  0.0000e+00
   85.6962  AlV 85        2.620000e-02  0.0000e+00
   85.7462  AlV 85        2.230000e-02  0.0000e+00
   85.9356  AlV 85        1.010000e-03  0.0000e+00
   85.9401  AlVI 85       5.100000e-02  0.0000e+00
   86.1544  NeVI 86       2.600000e-02  0.0000e+00
   86.6230  FVI 86        2.430000e-02  0.0000e+00
   86.6405  NaVII 86      1.880000e-01  0.0000e+00
   86.7325  FVII 86       7.810000e-02  0.0000e+00
   86.9899  AlVII 86      1.220000e-01  0.0000e+00
   87.1040  AlV 87        3.200000e-02  0.0000e+00
   87.2235  NeVII 87      5.920000e-03  0.0000e+00
   87.3554  FeXI 87       9.150000e-02  0.0000e+00
   87.4337  AlVI 87       1.140000e-01  0.0000e+00
   87.7233  AlVI 87       3.380000e-01  0.0000e+00
   87.9088  FVI 87        1.190000e-02  0.0000e+00
   88.0920  NeVIII 88     3.020000e-01  0.0000e+00
   88.0970  NaVI 88       4.530000e-02  0.0000e+00
   88.2650  AlVI 88       3.110000e-01  0.0000e+00
   88.2660  NaVI 88       1.980000e-01  0.0000e+00
   88.3088  BeIII 88      1.270000e-01  0.0000e+00
   88.4560  AlV 88        3.930000e-02  0.0000e+00
   88.5640  AlV 88        1.000000e-01  0.0000e+00
   88.8260  NaVII 88      1.130000e-01  0.0000e+00
   89.0660  NeVI 89       4.600000e-02  0.0000e+00
   89.6530  FeXI 89       6.750000e-02  0.0000e+00
   89.9009  FVI 89        9.690000e-03  0.0000e+00
   90.0210  NeVI 90       5.590000e-02  0.0000e+00
   90.7410  AlV 90        5.170000e-02  0.0000e+00
   90.7790  AlV 90        5.660000e-02  0.0000e+00
   90.7940  AlV 90        3.380000e-02  0.0000e+00
   90.8970  MgVI 90       1.690000e-01  0.0000e+00
   90.9588  FVI 90        4.580000e-02  0.0000e+00
   91.1100  CaIX 91       6.440000e-02  0.0000e+00
   91.5120  SiVI 91       1.330000e-02  0.0000e+00
   91.7860  NaVI 91       1.400000e-02  0.0000e+00
   91.8434  AlV 91        5.950000e-03  0.0000e+00
   92.5060  MgV 92        3.860000e-02  0.0000e+00
   92.7482  AlVI 92       2.720000e-01  0.0000e+00
   93.0300  OVI 93        3.230000e-03  0.0000e+00
   93.0330  FeXV 93       1.280000e-03  0.0000e+00
   93.5576  FeVIII 93     7.300000e-02  0.0000e+00
   93.8300  AlV 93        5.880000e-02  0.0000e+00
   93.8960  AlV 93        1.900000e-01  0.0000e+00
   93.9150  OVI 93        4.480000e-03  0.0000e+00
   94.4090  NaVII 94      5.910000e-01  0.0000e+00
   94.4590  FeX 94        8.730000e-02  0.0000e+00
   94.7550  NeVI 94       1.030000e-04  0.0000e+00
   95.0820  OVI 95        6.560000e-03  0.0000e+00
   95.4460  MgVI 95       1.260000e+00  0.0000e+00
   95.4470  MgVII 95      7.040000e-02  0.0000e+00
   95.8790  MgV 95        7.520000e-02  0.0000e+00
   95.9376  AlV 95        1.120000e-02  0.0000e+00
   95.9840  MgV 95        2.430000e-02  0.0000e+00
   96.1777  SiVI 96       7.060000e-02  0.0000e+00
   96.2510  NaVI 96       6.150000e-03  0.0000e+00
   96.3420  FeX 96        1.500000e-01  0.0000e+00
   96.4399  SiV 96        1.080000e+00  0.0000e+00
   96.8400  OVI 96        1.010000e-02  0.0000e+00
   97.0394  FeXVIII 97    5.040000e-02  0.0000e+00
   97.4750  MgV 97        5.520000e-02  0.0000e+00
   97.4950  NeVII 97      4.860000e-01  0.0000e+00
   98.2150  NeVI 98       1.220000e-01  0.0000e+00
   98.3390  MgV 98        3.990000e-02  0.0000e+00
   98.4771  FeVIII 98     1.050000e-01  0.0000e+00
   98.7165  MgV 98        3.900000e-02  0.0000e+00
   99.2201  FVI 99        1.110000e-01  0.0000e+00
   99.3980  AlV 99        6.230000e-02  0.0000e+00
   99.4250  FeXXI 99      5.160000e-02  0.0000e+00
   99.4625  AlV 99        2.300000e-02  0.0000e+00
   99.5062  SiVI 99       1.170000e-01  0.0000e+00
   99.5810  NaVI 99       6.400000e-02  0.0000e+00
   99.6880  OVI 99        1.690000e-02  0.0000e+00
  401.1400  NeVI 401      1.680000e-01  0.0000e+00
  405.8538  NeII 405      5.860000e-02  0.0000e+00
  418.5980  OII 418       7.340000e-03  0.0000e+00
  429.9180  OII 429       6.180000e-02  0.0000e+00
  430.0410  OII 430a      1.240000e-01  0.0000e+00
  430.1770  OII 430b      1.860000e-01  0.0000e+00
  433.1760  NeVI 433      5.050000e-02  0.0000e+00
  446.2556  NeII 446      9.740000e-02  0.0000e+00
  465.2210  NeVII 465     3.890000e-01  0.0000e+00
  475.6481  NII 475       1.190000e-01  0.0000e+00
  489.5050  NeIII 489     1.310000e-01  0.0000e+00
  507.3910  OIII 507      1.850000e-01  0.0000e+00
  507.7178  HeI 507       2.590000e-03  0.0000e+00
  508.6431  HeI 508       3.690000e-03  0.0000e+00
  509.9979  HeI 509       5.530000e-03  0.0000e+00
  515.6166  HeI 515       1.540000e-02  0.0000e+00
  522.2128  HeI 522       3.070000e-02  0.0000e+00
  533.5099  NII 533       2.990000e-01  0.0000e+00
  537.0296  HeI 537       7.520000e-02  0.0000e+00
  539.0855  OII 539a      6.520000e-02  0.0000e+00
  539.5489  OII 539b      4.350000e-02  0.0000e+00
  541.1270  NeIV 541      3.900000e-02  0.0000e+00
  542.0730  NeIV 542      7.790000e-02  0.0000e+00
  543.2570  CII 543       3.490000e-02  0.0000e+00
  543.8910  NeIV 543      1.160000e-01  0.0000e+00
  551.3621  ArVI 551      0.000000e+00  nan
  553.3300  OIV 553       1.120000e-01  0.0000e+00
  554.0750  OIV 554       2.240000e-01  0.0000e+00
  557.7630  CaX 557       3.430000e-01  0.0000e+00
  558.5900  NeVI 558      9.070000e-02  0.0000e+00
  560.2394  CII 560       5.710000e-02  0.0000e+00
  562.7110  NeVI* 562a    0.000000e+00  nan
  562.8030  NeVI* 562b    0.000000e+00  nan
  568.4200  NeV 568       9.280000e-02  0.0000e+00
  569.7580  NeV* 569a     0.000000e+00  nan
  569.8300  NeV* 569b     0.000000e+00  nan
  574.0100  CaX 574       1.660000e-01  0.0000e+00
  582.8450  CaVIII 582    7.250000e-02  0.0000e+00
  584.3340  HeI 584       2.850000e-01  0.0000e+00
  585.7500  ArVII 585     1.240000e+00  0.0000e+00
  594.8000  CII 594       1.170000e-01  0.0000e+00
  608.3980  OIV 608       6.700000e-02  0.0000e+00
  609.7900  MgX 609       8.420000e-02  0.0000e+00
  624.9500  MgX 624       4.100000e-02  0.0000e+00
  629.7300  OV 629        5.150000e-01  0.0000e+00
  640.9020  SII 640       1.740000e-01  0.0000e+00
  641.7670  SII 641       2.600000e-01  0.0000e+00
  644.6337  NII 644       2.240000e-01  0.0000e+00
  657.3400  SIV 657       1.180000e+00  0.0000e+00
  677.7460  SIII 677      1.640000e+00  0.0000e+00
  681.4700  SIII 681      6.830000e-02  0.0000e+00
  681.7200  NaIX 681      9.240000e-02  0.0000e+00
  684.9960  NIII 684      1.350000e-01  0.0000e+00
  685.5130  NIII 685      2.680000e-01  0.0000e+00
  687.0526  CII 687       3.360000e-01  0.0000e+00
  694.2700  NaIX 694      4.540000e-02  0.0000e+00
  698.7310  SIII 698      7.830000e-01  0.0000e+00
  702.3320  OIII 702      1.370000e-01  0.0000e+00
  724.2890  SIII 724      3.520000e-01  0.0000e+00
  744.9070  SIV 744       2.510000e-01  0.0000e+00
  748.4000  SIV 748       5.000000e-01  0.0000e+00
  763.3400  NIII 763      8.200000e-02  0.0000e+00
  763.6570  SII 763       3.980000e-01  0.0000e+00
  764.4200  SII 764       7.950000e-01  0.0000e+00
  765.1480  NIV 765       6.160000e-01  0.0000e+00
  765.6930  SII 765       1.190000e+00  0.0000e+00
  770.4090  NeVIII 770    1.030000e-01  0.0000e+00
  780.3240  NeVIII 780    5.050000e-02  0.0000e+00
  786.4800  SV 786        1.420000e+00  0.0000e+00
  787.7110  OIV 787       1.110000e-01  0.0000e+00
  791.9732  OI 791        4.640000e-02  0.0000e+00
  809.6680  SIV 809       1.040000e-01  0.0000e+00
  832.7572  OII 832       4.440000e-02  0.0000e+00
  832.9270  OIII 832      1.070000e-01  0.0000e+00
  833.3294  OII 833       8.860000e-02  0.0000e+00
  834.4655  OII 834       1.320000e-01  0.0000e+00
  844.2880  FeIII 844     6.840000e-02  0.0000e+00
  858.0918  CII 858       1.300000e-02  0.0000e+00
  859.7230  FeIII 859     1.150000e-01  0.0000e+00
  877.7983  OI 877a       1.970000e-02  0.0000e+00
  877.8787  OI 877b       5.890000e-02  0.0000e+00
  883.1250  ClV 883       5.300000e-01  0.0000e+00
