30
  912.7032  HI 912d       5.264000e-05  1.4050e+05
  912.7676  HI 912e       5.812000e-05  1.5510e+05
  912.8389  HI 912f       6.435000e-05  1.7170e+05
  912.9179  HI 912g       7.148000e-05  1.9070e+05
  913.0059  HI 913a       7.978000e-05  2.1280e+05
  913.1042  HI 913b       8.936000e-05  2.3830e+05
  913.2146  HI 913c       1.006000e-04  2.6810e+05
  913.3391  HI 913d       1.137000e-04  3.0310e+05
  913.4803  HI 913e       1.293000e-04  3.4440e+05
  913.6411  HI 913f       1.477000e-04  3.9330e+05
  913.8256  HI 913g       1.699000e-04  4.5230e+05
  914.0385  HI 914a       1.968000e-04  5.2370e+05
  914.2861  HI 914b       2.297000e-04  6.1090e+05
  914.5762  HI 914c       2.703000e-04  7.1860e+05
  914.9192  HI 914d       3.212000e-04  8.5330e+05
  915.3289  HI 915a       3.858000e-04  1.0240e+06
  915.8238  HI 915b       4.689000e-04  1.2430e+06
  916.4291  HI 916        5.777000e-04  1.5290e+06
  917.1805  HI 917        7.231000e-04  1.9110e+06
  918.1293  HI 918        9.219000e-04  2.4320e+06
  919.3513  HI 919        1.201000e-03  3.1600e+06
  920.9630  HI 920        1.606000e-03  4.2100e+06
  923.1503  HI 923        2.217000e-03  5.7850e+06
  926.2256  HI 926        3.185000e-03  8.2550e+06
  930.7482  HI 930        4.816000e-03  1.2360e+07
  937.8034  HI 937        7.803000e-03  2.4500e+07
  949.7430  HI 949        1.395000e-02  4.2040e+07
  972.5367  HI 972        2.901000e-02  8.1270e+07
 1025.7222  HI 1025       7.914000e-02  1.8970e+08
 1215.6700  HI 1215       4.164000e-01  6.2650e+08
