109
609.95      MgX 609   0.0842       2
624.95      MgX 624   0.0410       2
629.730      OV 629   0.515        0
765.148     NIV 765   0.000       99
770.409  NeVIII 770   0.1030       0
780.324  NeVIII 780   0.0505       0
787.711     OIV 787   0.000       99
809.668     SIV 809   0.104        6
832.927    OIII 832   0.107        6
834.4655    OII 834   0.1320       6
858.0918    CII 858   0.0130       6
859.723   FeIII 859   0.115        6
903.9616    CII 903b  0.336        1
911.7633     HI LLS   0.0000       1
912.645      HI 912a  0.000048     1
912.703      HI 912b  0.000053     1
912.768      HI 912c  0.000058     1
912.839      HI 912d  0.000064     1
912.918      HI 912e  0.000071     1
913.006      HI 912a  0.000080     1
913.104      HI 912b  0.000089     1
913.215      HI 912c  0.000101     1
913.339      HI 912d  0.000114     1
913.480      HI 912e  0.000129     1
913.641      HI 912f  0.000148     1
913.826      HI 912g  0.000170     1
914.039      HI 914a  0.000197     1
914.286      HI 914b  0.000230     1
914.576      HI 914c  0.000270     1
914.919      HI 914d  0.000321     1
915.080      DI 915a  0.000386     1
915.329      HI 915a  0.000386     1
915.575      DI 915b  0.000469     1
915.824      HI 915b  0.000469     1
916.179      DI 916   0.000577     1
916.429      HI 916   0.000577     1
916.931      DI 917   0.000723     1
917.1806     HI 917   0.000723     1
917.879      DI 918   0.000921     1
918.1294     HI 918   0.000921     1
919.102      DI 919   0.001201     1
919.3514     HI 919   0.00120      1
920.712      DI 920   0.001605     1
920.9631     HI 920   0.001605     1
922.899      DI 923   0.002216     1
923.1504     HI 923   0.002216     1
925.9737     DI 926   0.003184     1
926.2257     HI 926   0.003183     1
930.4951     DI 930   0.004817     1
930.7483     HI 930   0.004814     1
933.378     SVI 933   0.4414       1
937.5484     DI 937   0.007808     1
937.8035     HI 937   0.007799     1
944.523     SVI 944   0.2181       1
949.4847     DI 949   0.013950     1
949.7431     HI 949   0.013940     1
972.2722     DI 972   0.029010     1
972.5368     HI 972   0.029000     1
977.020    CIII 977   0.7620       1
989.799    NIII 989   0.106600     1
1012.502   SIII 1012  0.03550      1
1025.4433    DI 1025  0.079100     1
1025.7223    HI 1025  0.079120     1
1031.9261   OVI 1031  0.13290      1
1036.3367   CII 1036  0.1231       1
1037.6167   OVI 1037  0.06609      1
1062.662    SIV 1062  0.03999      1
1083.990    NII 1083  0.1031       1
1117.977     PV 1117  0.4732       1
1122.526  FeIII 1122  0.0539      16
1128.008     PV 1128  0.2345       1
1144.9379  FeII 1144  0.1060       2
1190.4158  SiII 1190  0.25020      1
1193.2897  SiII 1193  0.49910      1
1200.7098    NI 1200c 0.04300      1
1206.500  SiIII 1206  1.660        1
1215.3394    DI 1215  0.41650      1
1215.6701    HI 1215  0.41640      1
1238.821     NV 1238  0.1570       1
1242.804     NV 1242  0.078230     1
1260.4221  SiII 1260  1.0070       1
1264.7377  SiII 1264  0.9034       1
1302.1685    OI 1302  0.04887      1
1304.3702  SiII 1304  0.0940       4
1334.5323   CII 1334  0.1278       1
1335.7077  CII* 1335  0.1149       1
1393.755   SiIV 1393  0.5280       1
1402.770   SiIV 1402  0.2620       1
1526.7066  SiII 1526  0.1270       9
1548.195    CIV 1548  0.19080      1
1550.770    CIV 1550  0.095220     1
1608.4511  FeII 1608  0.0580      17
1670.7874  AlII 1670  1.8800       1
1808.0130  SiII 1808  0.002186    11
1854.7164 AlIII 1854  0.5390       1
1862.7895 AlIII 1862  0.2680       1
2026.136   ZnII 2026  0.48900     13
2344.214   FeII 2344  0.114        3
2374.4612  FeII 2374  0.0313       3
2382.765   FeII 2382  0.320        3
2586.6500  FeII 2586  0.0691      14
2600.1729  FeII 2600  0.2390       3
2796.352   MgII 2796  0.6123      15
2803.531   MgII 2803  0.3054      15
2852.9642   MgI 2852  1.8100       1
3934.777   CaII 3934  0.650        1
3969.591   CaII 3969  0.322        1
5891.5833  NaI  5891  0.6311       1
5897.5581  NaI  5897  0.3180       1