19
972.5368     HI 972   0.029000     1	12.75
1025.7223    HI 1025  0.079120     1	12.09
1215.6701    HI 1215  0.41640      1	10.20
1036.3367   CII 1036  0.1231       1	11.3
1334.5323   CII 1334  0.1278       1	11.3
977.020    CIII 977   0.7620       1	24.4
1548.195    CIV 1548  0.19080      1	47.9
1550.770    CIV 1550  0.095220     1	47.9
1302.1685    OI 1302  0.04887      1	9.53?
1031.9261   OVI 1031  0.13290      1	114
1037.6167   OVI 1037  0.06609      1	114
1260.4221  SiII 1260  1.0070       1	8.15
1206.500  SiIII 1206  1.660        1	16.3
1393.755   SiIV 1393  0.5280       1	33.5
1402.770   SiIV 1402  0.2620       1	33.5
1083.990    NII 1083  0.1031       1	14.5
989.799    NIII 989   0.106600     1	29.6	
1238.821     NV 1238  0.1570       1	77.5
1242.804     NV 1242  0.078230     1	77.5
