567
    1.3498  FeXXVI 1        1.600000e-03  0.0000e+00
    1.4608  FeXXV 1         2.780000e-02  0.0000e+00
    1.5732  FeXXV 1         1.560000e-01  0.0000e+00
    1.7798  FeXXVI 1        4.160000e-01  0.0000e+00
    2.2895  CaXX 2          1.600000e-03  0.0000e+00
    2.4174  CaXX 2          2.900000e-02  0.0000e+00
    2.5494  CaXX 2          7.900000e-02  0.0000e+00
    2.7054  CaXIX 2         1.550000e-01  0.0000e+00
    2.8294  ArXVIII 2       1.600000e-03  0.0000e+00
    2.9875  ArXVIII 2       2.900000e-02  0.0000e+00
    3.0950  ArXVII 3        1.550000e-02  0.0000e+00
    3.1996  ArXVII 3        5.730000e-02  0.0000e+00
    3.3654  ArXVII 3        1.550000e-01  0.0000e+00
    3.5841  SXVI 3          1.600000e-03  0.0000e+00
    3.6959  SXVI 3          1.390000e-02  0.0000e+00
    3.8828  SXV 3           3.200000e-03  0.0000e+00
    3.9912  SXVI 3          7.900000e-02  0.0000e+00
    4.2991  SXV 4           1.530000e-01  0.0000e+00
    4.6849  SiXIV 4         1.600000e-03  0.0000e+00
    4.8311  SiXIV 4         1.390000e-02  0.0000e+00
    4.9469  SiXIV 4         2.900000e-02  0.0000e+00
    5.1347  SiXIII 5        3.200000e-03  0.0000e+00
    5.2856  SiXIII 5        2.750000e-02  0.0000e+00
    5.4046  SiXIII 5        5.680000e-02  0.0000e+00
    5.5345  AlXIII 5        7.800000e-03  0.0000e+00
    5.6807  SiXIII 5        1.520000e-01  0.0000e+00
    6.0000  AlXII 6         3.200000e-03  0.0000e+00
    6.1755  AlXII 6         2.750000e-02  0.0000e+00
    6.3139  AlXII 6         5.670000e-02  0.0000e+00
    6.4173  MgXII 6         3.190000e-03  0.0000e+00
    6.5801  MgXII 6         1.390000e-02  0.0000e+00
    6.7379  MgXII 6         2.900000e-02  0.0000e+00
    7.1037  MgXI 7          3.190000e-03  0.0000e+00
    7.2247  MgXI 7          1.530000e-02  0.0000e+00
    7.4722  FeXXIII 7       7.330000e-02  0.0000e+00
    7.5960  NaXI 7          1.600000e-03  0.0000e+00
    7.7348  NaXI 7          7.800000e-03  0.0000e+00
    7.8505  MgXI 7          1.510000e-01  0.0000e+00
    7.9893  FeXXIV 7        9.670000e-02  0.0000e+00
    8.3029  FeXXIII 8       1.790000e-01  0.0000e+00
    8.4210  MgXII 8         4.160000e-01  0.0000e+00
    8.5300  FeXXI 8         2.340000e-02  0.0000e+00
    8.6257  NaX 8           9.500000e-03  0.0000e+00
    8.7884  NaX 8           2.720000e-02  0.0000e+00
    8.9828  NaX 8           5.630000e-02  0.0000e+00
    9.1000  FeXX 9          1.410000e-01  0.0000e+00
    9.2154  NeX 9           2.220000e-03  0.0000e+00
    9.3300  FeXIX 9         9.480000e-03  0.0000e+00
    9.4807  NeX 9           1.390000e-02  0.0000e+00
    9.7082  NeX 9           2.900000e-02  0.0000e+00
    9.8500  FeXIX 9         6.400000e-02  0.0000e+00
   10.0250  NaXI 10         4.160000e-01  0.0000e+00
   10.1750  FeXXIII 10      3.300000e-02  0.0000e+00
   10.3700  FeXVIII 10      4.670000e-02  0.0000e+00
   10.5130  NeIX 10         6.280000e-03  0.0000e+00
   10.6340  FeXXIV 10       3.920000e-01  0.0000e+00
   10.7643  NeIX 10         2.710000e-02  0.0000e+00
   10.9810  FeXXIII 10      6.950000e-01  0.0000e+00
   11.1300  FeXVII 11       3.460000e-01  0.0000e+00
   11.3529  FIX 11          1.600000e-03  0.0000e+00
   11.4600  FeXXII 11       3.270000e-01  0.0000e+00
   11.6200  CaXVIII 11      1.200000e-02  0.0000e+00
   11.8700  FeXXII 11       6.750000e-01  0.0000e+00
   11.9884  FIX 11          2.900000e-02  0.0000e+00
   12.1200  FeXVII 12       7.420000e-01  0.0000e+00
   12.2830  FeXXI 12        3.160000e-01  0.0000e+00
   12.6360  CaXVIII 12      3.890000e-02  0.0000e+00
   12.8200  FeXX 12         1.880000e+00  0.0000e+00
   13.1430  FVIII 13        4.370000e-03  0.0000e+00
   13.3340  FVIII 13        1.520000e-02  0.0000e+00
   13.4471  NeIX 13         7.240000e-01  0.0000e+00
   13.7810  FVIII 13        5.570000e-02  0.0000e+00
   14.0070  FeXVIII 14      2.550000e-01  0.0000e+00
   14.2520  FeXVIII 14      1.040000e+00  0.0000e+00
   14.3716  OVIII 14        1.600000e-03  0.0000e+00
   14.4700  FeXIX 14        3.670000e-02  0.0000e+00
   14.6343  OVIII 14        7.800000e-03  0.0000e+00
   14.7900  FeXIX 14        6.080000e-02  0.0000e+00
   14.9841  FIX 14          4.160000e-01  0.0000e+00
   15.1762  OVIII 15        2.900000e-02  0.0000e+00
   15.2880  FeXVIII 15      1.240000e-02  0.0000e+00
   15.7050  FeXVIII 15      6.360000e-02  0.0000e+00
   16.0059  OVIII 16        7.900000e-02  0.0000e+00
   16.8070  FVIII 16        7.110000e-01  0.0000e+00
   16.9223  OVII 16         3.140000e-03  0.0000e+00
   17.0860  OVII 17         9.370000e-03  0.0000e+00
   17.2000  OVII 17         1.510000e-02  0.0000e+00
   17.3960  OVII 17         2.680000e-02  0.0000e+00
   17.7680  OVII 17         5.520000e-02  0.0000e+00
   18.6288  OVII 18         1.460000e-01  0.0000e+00
   18.7747  NVII 18         1.600000e-03  0.0000e+00
   18.8820  NVII 18         3.190000e-03  0.0000e+00
   19.1179  NVII 19         7.800000e-03  0.0000e+00
   19.3613  NVII 19         1.390000e-02  0.0000e+00
   19.5600  CaXVII 19       6.540000e-01  0.0000e+00
   19.8258  NVII 19         2.900000e-02  0.0000e+00
   20.9098  NVII 20         7.900000e-02  0.0000e+00
   21.1130  ArXIV 21        1.260000e-01  0.0000e+00
   21.5600  CaXVI 21        6.590000e-01  0.0000e+00
   22.3730  ArXV 22         3.310000e-02  0.0000e+00
   22.6800  CaXV 22         3.050000e-01  0.0000e+00
   22.7780  CaXV 22         9.260000e-01  0.0000e+00
   23.0000  ArXIII 23       6.170000e-02  0.0000e+00
   23.6010  ArXIII 23       9.810000e-03  0.0000e+00
   23.7710  NVI 23          5.460000e-02  0.0000e+00
   24.1140  CaXIV 24        1.790000e+00  0.0000e+00
   24.3900  SXII 24         2.420000e-02  0.0000e+00
   24.5900  SXIII 24        1.610000e-01  0.0000e+00
   24.7370  ArXV 24         6.360000e-01  0.0000e+00
   24.9000  NVI 24          1.440000e-01  0.0000e+00
   25.0400  ArXII 25        3.820000e-01  0.0000e+00
   25.3270  CaXI 25         6.520000e-01  0.0000e+00
   25.5180  ArXIV 25        1.530000e-01  0.0000e+00
   25.6194  CVI 25          2.220000e-03  0.0000e+00
   25.7700  CaXIII 25       5.230000e-02  0.0000e+00
   25.9600  CaXIII 25       1.700000e-01  0.0000e+00
   26.1400  CaXIII 26       5.320000e-01  0.0000e+00
   26.3150  ArXIII 26       4.740000e-02  0.0000e+00
   26.4420  CaXI 26         2.860000e-02  0.0000e+00
   26.8100  CaXIII 26       2.410000e-01  0.0000e+00
   26.9620  CaXI 26         3.040000e-01  0.0000e+00
   27.4750  CaXII 27        1.820000e-01  0.0000e+00
   27.8800  FeXVI 27        7.520000e-03  0.0000e+00
   28.0200  CaXII 28        8.540000e-01  0.0000e+00
   28.1750  CaXII 28        1.750000e-01  0.0000e+00
   28.2920  SXII 28         1.250000e-01  0.0000e+00
   28.4656  CVI 28          7.900000e-02  0.0000e+00
   28.6150  CaXII 28        3.840000e-01  0.0000e+00
   28.7870  NVI 28          6.750000e-01  0.0000e+00
   28.9260  SXIII 28        3.320000e-02  0.0000e+00
   29.0350  CaXIII 29       6.460000e-02  0.0000e+00
   29.2570  ArXIII 29       2.990000e-01  0.0000e+00
   29.3700  ArXIII 29       9.080000e-01  0.0000e+00
   29.7330  CaXIII 29       4.200000e-02  0.0000e+00
   29.9300  FeXVI 29        1.830000e-02  0.0000e+00
   30.0770  SXIII 30        2.610000e-02  0.0000e+00
   30.3218  SiXI 30         6.090000e-02  0.0000e+00
   30.4410  SXIV 30         3.560000e-01  0.0000e+00
   30.5800  ArXII 30        2.450000e-01  0.0000e+00
   30.8680  CaXII 30        1.240000e-02  0.0000e+00
   30.9960  ArX 30          1.040000e-01  0.0000e+00
   31.3130  AlXI 31         1.910000e-02  0.0000e+00
   31.5120  ArIX 31         1.530000e-01  0.0000e+00
   31.6213  SiXI 31         4.150000e-05  0.0000e+00
   31.7580  CaXII 31        6.620000e-02  0.0000e+00
   32.0552  CV 32           6.090000e-03  0.0000e+00
   32.1740  FeXVI 32        3.320000e-02  0.0000e+00
   32.3260  CaXII 32        1.060000e-01  0.0000e+00
   32.5130  ArX 32          3.390000e-02  0.0000e+00
   32.6140  ArX 32          1.170000e-02  0.0000e+00
   32.7542  CV 32           2.610000e-02  0.0000e+00
   33.0070  AlXI 33         3.660000e-02  0.0000e+00
   33.4262  CV 33           5.360000e-02  0.0000e+00
   33.7200  ArXI 33         4.900000e-01  0.0000e+00
   34.1790  ArXI 34         1.610000e-01  0.0000e+00
   34.3100  SX 34           3.770000e-01  0.0000e+00
   34.4200  ArXI 34         4.990000e-01  0.0000e+00
   34.5750  SXII 34         2.590000e-01  0.0000e+00
   34.7420  ArXII 34        1.100000e-01  0.0000e+00
   34.9728  CV 34           1.410000e-01  0.0000e+00
   35.2116  CaXI 35         2.320000e-01  0.0000e+00
   35.3660  MgX 35          4.960000e-03  0.0000e+00
   35.4850  ArXI 35         2.540000e-01  0.0000e+00
   35.8270  MgX 35          7.260000e-03  0.0000e+00
   36.5090  SXII 36         6.410000e-01  0.0000e+00
   36.6315  ArX 36          1.500000e-01  0.0000e+00
   36.7670  FeXVI 36        7.280000e-02  0.0000e+00
   36.8971  BV 36           2.220000e-03  0.0000e+00
   37.0200  BV 37           3.190000e-03  0.0000e+00
   37.1890  SiX 37          6.120000e-02  0.0000e+00
   37.4809  ArX 37          7.240000e-01  0.0000e+00
   37.6440  MgX 37          1.890000e-02  0.0000e+00
   37.9080  ArXI 37         3.770000e-02  0.0000e+00
   38.3730  ArX 38          5.310000e-02  0.0000e+00
   38.6090  SiXI 38         3.360000e-02  0.0000e+00
   38.7080  ArXI 38         6.650000e-02  0.0000e+00
   38.8708  BV 38           2.900000e-02  0.0000e+00
   39.0245  SIX 39          7.560000e-02  0.0000e+00
   39.1750  SXI 39          2.910000e-01  0.0000e+00
   39.3157  SXI 39          8.780000e-01  0.0000e+00
   39.5155  SiX 39          1.270000e-01  0.0000e+00
   39.6680  MgX 39          3.610000e-02  0.0000e+00
   39.8260  ArXI 39         4.360000e-02  0.0000e+00
   40.2331  SIX 40          1.270000e-01  0.0000e+00
   40.4722  SiXI 40         2.040000e-02  0.0000e+00
   40.6380  MgIX 40         1.290000e-02  0.0000e+00
   40.9243  SiXII 40        3.430000e-01  0.0000e+00
   41.3570  SX 41           2.100000e-01  0.0000e+00
   41.4760  ArIX 41         2.010000e+00  0.0000e+00
   41.6771  ArX 41          1.270000e-02  0.0000e+00
   41.8030  MgIX 41         3.320000e-02  0.0000e+00
   42.5173  SX 42           1.660000e+00  0.0000e+00
   43.0491  ArX 43          6.760000e-02  0.0000e+00
   43.5182  AlIX 43         4.960000e-02  0.0000e+00
   43.7623  SiXI 43         5.830000e-01  0.0000e+00
   43.9612  ArX 43          1.090000e-01  0.0000e+00
   44.2272  SiIX 44         1.860000e-01  0.0000e+00
   44.6100  SiX 44          7.770000e-03  0.0000e+00
   44.7249  NaIX 44         1.100000e-02  0.0000e+00
   45.3636  SVIII 45        5.190000e-02  0.0000e+00
   46.0900  NaIX 46         1.850000e-02  0.0000e+00
   46.2120  SVII 46         8.350000e-02  0.0000e+00
   46.4698  SIX 46          4.030000e-01  0.0000e+00
   46.6910  SIX 46          4.890000e-02  0.0000e+00
   46.9940  SiX 46          4.740000e-02  0.0000e+00
   47.0981  SVII 47         1.340000e-01  0.0000e+00
   47.3107  SIX 47          4.380000e-01  0.0000e+00
   47.5331  SiX 47          2.360000e-01  0.0000e+00
   47.7419  SX 47           1.150000e-01  0.0000e+00
   48.3107  AlXI 48         3.350000e-01  0.0000e+00
   48.5114  SiX 48          1.310000e-01  0.0000e+00
   48.6469  SVII 48         2.200000e-01  0.0000e+00
   49.2197  SIX 49          2.670000e-01  0.0000e+00
   49.4549  BIV 49          2.560000e-02  0.0000e+00
   50.0062  SiVIII 50       3.140000e-01  0.0000e+00
   50.1913  MgVIII 50       2.390000e-02  0.0000e+00
   50.4181  FeXVI 50        2.380000e-01  0.0000e+00
   50.6359  SiX 50          6.260000e-01  0.0000e+00
   51.3056  SVIII 51        1.160000e-01  0.0000e+00
   51.4441  MgVIII 51       1.600000e-02  0.0000e+00
   51.7891  NaVIII 51       3.160000e-02  0.0000e+00
   51.9791  AlX 51          5.650000e-01  0.0000e+00
   52.6807  BIV 52          1.350000e-01  0.0000e+00
   52.8154  SiIX 52         1.570000e-01  0.0000e+00
   52.9665  SIX 52          3.870000e-02  0.0000e+00
   53.3394  AlIX 53         3.810000e-02  0.0000e+00
   53.8100  NeVIII 53       3.440000e-03  0.0000e+00
   53.9337  SiIX 53         3.800000e-02  0.0000e+00
   54.2330  AlVIII 54       1.830000e-01  0.0000e+00
   54.3800  NaVIII 54       5.910000e-02  0.0000e+00
   54.5203  SiVII 54        2.540000e-02  0.0000e+00
   54.6520  SVII 54         4.430000e-02  0.0000e+00
   54.8795  MgVIII 54       5.170000e-02  0.0000e+00
   55.0100  NeVIII 55       7.010000e-03  0.0000e+00
   55.1886  MgVIII 55       3.260000e-02  0.0000e+00
   55.3842  SiIX 55         8.380000e-01  0.0000e+00
   56.0431  NeVIII 56       1.080000e-02  0.0000e+00
   56.2017  SIX 56          4.540000e-02  0.0000e+00
   56.5906  SiVII 56        9.180000e-02  0.0000e+00
   56.9372  AlIX 56         2.230000e-01  0.0000e+00
   57.0709  MgVIII 57       4.880000e-03  0.0000e+00
   57.3710  MgIX 57         1.360000e-02  0.0000e+00
   57.4987  SiVII 57        2.600000e-02  0.0000e+00
   57.6587  BeIV 57         2.220000e-03  0.0000e+00
   57.8508  BeIV 57         3.190000e-03  0.0000e+00
   58.1332  BeIV 58         4.820000e-03  0.0000e+00
   58.2843  MgVII 58        1.910000e-02  0.0000e+00
   58.4550  SiVII 58        4.120000e-02  0.0000e+00
   58.5739  BeIV 58         7.800000e-03  0.0000e+00
   58.7510  AlVII 58        1.740000e-02  0.0000e+00
   58.8848  SiVIII 58       1.750000e-01  0.0000e+00
   59.1146  MgVIII 59       1.240000e-01  0.0000e+00
   59.3195  BeIV 59         1.390000e-02  0.0000e+00
   59.7589  NaVIII 59       1.360000e-01  0.0000e+00
   59.9540  SiVII 59        8.310000e-03  0.0000e+00
   60.1042  MgVII 60        1.360000e-02  0.0000e+00
   60.3145  BIV 60          6.110000e-01  0.0000e+00
   60.7431  BeIV 60         2.900000e-02  0.0000e+00
   60.9096  SiVII 60        1.170000e-01  0.0000e+00
   61.0119  AlIX 61         6.180000e-01  0.0000e+00
   61.3799  SiVII 61        2.570000e-02  0.0000e+00
   61.6459  SiIX 61         6.610000e-02  0.0000e+00
   62.2400  FeXIII 62       1.060000e-01  0.0000e+00
   62.6595  MgVII 62        1.970000e-02  0.0000e+00
   62.8172  FeXIII 62       3.460000e-01  0.0000e+00
   63.1986  NaVII 63        1.980000e-02  0.0000e+00
   63.3475  SVIII 63        1.130000e-01  0.0000e+00
   63.7489  NaVII 63        1.410000e-02  0.0000e+00
   63.9945  AlVIII 63       1.450000e-01  0.0000e+00
   64.1330  CaX 64          5.830000e-03  0.0000e+00
   64.3340  MgVIII 64       9.870000e-03  0.0000e+00
   64.5924  MgVIII 64       3.530000e-02  0.0000e+00
   64.8090  AlVII 64        3.270000e-02  0.0000e+00
   65.4354  AlVIII 65       3.610000e-02  0.0000e+00
   65.8241  CaX 65          8.750000e-03  0.0000e+00
   66.0620  NaVIII 66       3.500000e-02  0.0000e+00
   66.7664  AlIX 66         2.500000e-02  0.0000e+00
   67.2024  AlVIII 67       2.700000e-01  0.0000e+00
   67.3818  NeVIII 67       8.120000e-02  0.0000e+00
   67.7870  NeVII 67        5.060000e-03  0.0000e+00
   68.0209  MgVII 68        5.920000e-02  0.0000e+00
   68.1174  MgVII 68        1.740000e-01  0.0000e+00
   68.2569  SiVII 68        3.030000e-01  0.0000e+00
   68.4868  NaVII 68        4.660000e-02  0.0000e+00
   68.8979  NaVII 68        4.590000e-02  0.0000e+00
   69.2972  NeVII 69        1.170000e-02  0.0000e+00
   69.4570  MgVIII 69       2.060000e-01  0.0000e+00
   69.7301  SiVIII 69       1.190000e-01  0.0000e+00
   69.8799  NaVII 69        3.180000e-02  0.0000e+00
   70.1201  NaVIII 70       9.820000e-03  0.0000e+00
   70.3012  FeXIV 70        6.490000e-02  0.0000e+00
   70.6274  NaIX 70         3.150000e-01  0.0000e+00
   70.9800  FVII 70         6.810000e-03  0.0000e+00
   71.2670  SiVI 71         2.200000e-01  0.0000e+00
   71.3691  SiVI 71         6.570000e-02  0.0000e+00
   71.9930  NaVII 71        1.470000e-02  0.0000e+00
   72.2775  AlVII 72        1.570000e-01  0.0000e+00
   72.8911  FeIX 72         6.350000e-02  0.0000e+00
   73.1682  CaX 73          2.520000e-02  0.0000e+00
   74.4654  FVII 74         1.760000e-02  0.0000e+00
   74.7326  AlVI 74         6.120000e-02  0.0000e+00
   74.9403  NaVII 74        1.220000e-01  0.0000e+00
   75.1760  NaVII 75        2.530000e-03  0.0000e+00
   75.2900  SiVI 75         2.370000e-02  0.0000e+00
   75.7650  NeVII 75        1.260000e-01  0.0000e+00
   75.9277  BeIV 75         4.160000e-01  0.0000e+00
   76.2760  FeX 76          1.310000e-01  0.0000e+00
   76.4799  AlVI 76         1.320000e-02  0.0000e+00
   77.0869  MgVII 77        8.430000e-03  0.0000e+00
   77.2660  NaVIII 77       5.170000e-01  0.0000e+00
   77.5174  FeX 77          2.330000e-02  0.0000e+00
   78.0260  AlVI 78         3.680000e-02  0.0000e+00
   78.1613  FeX 78          1.850000e-01  0.0000e+00
   78.3580  FVII 78         3.330000e-02  0.0000e+00
   78.5414  AlVI 78         9.050000e-02  0.0000e+00
   79.1424  MgVII 79        1.330000e-01  0.0000e+00
   79.3727  SiVII 79        3.980000e-02  0.0000e+00
   79.5258  NaVII 79        1.270000e-02  0.0000e+00
   79.8353  FeXII 79        1.870000e-01  0.0000e+00
   79.9713  NaVII 79        1.870000e-02  0.0000e+00
   80.5374  SiVI 80         3.420000e-01  0.0000e+00
   80.6582  SiVI 80         3.300000e-01  0.0000e+00
   80.8085  SiVI 80         1.200000e-01  0.0000e+00
   80.9173  CaIX 80         3.840000e-02  0.0000e+00
   81.0822  MgVII 81        3.370000e-02  0.0000e+00
   81.5033  NaVI 81         6.490000e-02  0.0000e+00
   81.6797  FVI 81          5.620000e-03  0.0000e+00
   81.8910  BeIII 81        8.570000e-03  0.0000e+00
   82.0082  NeVII 82        3.640000e-02  0.0000e+00
   82.1717  AlVI 82         1.200000e-02  0.0000e+00
   82.3770  BeIII 82        1.370000e-02  0.0000e+00
   82.7480  MgVIII 82       2.600000e-02  0.0000e+00
   83.0790  FVI 83          1.120000e-02  0.0000e+00
   83.2020  BeIII 83        2.430000e-02  0.0000e+00
   83.5600  MgVI 83         2.250000e-02  0.0000e+00
   83.6742  MgVII 83        2.590000e-01  0.0000e+00
   83.9981  MgVII 83        7.770000e-01  0.0000e+00
   84.4260  FVI 84          1.720000e-02  0.0000e+00
   84.7580  BeIII 84        4.930000e-02  0.0000e+00
   85.4034  NaVII 85        3.500000e-02  0.0000e+00
   85.6330  AlVI 85         2.490000e-01  0.0000e+00
   85.7462  AlV 85          2.230000e-02  0.0000e+00
   85.9356  AlV 85          1.010000e-03  0.0000e+00
   86.1544  NeVI 86         2.600000e-02  0.0000e+00
   86.6230  FVI 86          2.430000e-02  0.0000e+00
   86.7325  FVII 86         7.810000e-02  0.0000e+00
   86.9899  AlVII 86        1.220000e-01  0.0000e+00
   87.1040  AlV 87          3.200000e-02  0.0000e+00
   87.2235  NeVII 87        5.920000e-03  0.0000e+00
   87.3554  FeXI 87         9.150000e-02  0.0000e+00
   87.7233  AlVI 87         3.380000e-01  0.0000e+00
   87.9088  FVI 87          1.190000e-02  0.0000e+00
   88.0920  NeVIII 88       3.020000e-01  0.0000e+00
   88.2650  AlVI 88         3.110000e-01  0.0000e+00
   88.4560  AlV 88          3.930000e-02  0.0000e+00
   88.5640  AlV 88          1.000000e-01  0.0000e+00
   88.8260  NaVII 88        1.130000e-01  0.0000e+00
   89.0660  NeVI 89         4.600000e-02  0.0000e+00
   89.6530  FeXI 89         6.750000e-02  0.0000e+00
   89.9009  FVI 89          9.690000e-03  0.0000e+00
   90.0210  NeVI 90         5.590000e-02  0.0000e+00
   90.7410  AlV 90          5.170000e-02  0.0000e+00
   90.8970  MgVI 90         1.690000e-01  0.0000e+00
   91.1100  CaIX 91         6.440000e-02  0.0000e+00
   91.5120  SiVI 91         1.330000e-02  0.0000e+00
   91.7860  NaVI 91         1.400000e-02  0.0000e+00
   92.5060  MgV 92          3.860000e-02  0.0000e+00
   92.7482  AlVI 92         2.720000e-01  0.0000e+00
   93.0300  OVI 93          3.230000e-03  0.0000e+00
   93.5576  FeVIII 93       7.300000e-02  0.0000e+00
   93.8300  AlV 93          5.880000e-02  0.0000e+00
   94.4090  NaVII 94        5.910000e-01  0.0000e+00
   94.7550  NeVI 94         1.030000e-04  0.0000e+00
   95.0820  OVI 95          6.560000e-03  0.0000e+00
   95.4460  MgVI 95         1.260000e+00  0.0000e+00
   95.8790  MgV 95          7.520000e-02  0.0000e+00
   95.9840  MgV 95          2.430000e-02  0.0000e+00
   96.1777  SiVI 96         7.060000e-02  0.0000e+00
   96.3420  FeX 96          1.500000e-01  0.0000e+00
   96.8400  OVI 96          1.010000e-02  0.0000e+00
   97.0394  FeXVIII 97      5.040000e-02  0.0000e+00
   97.4750  MgV 97          5.520000e-02  0.0000e+00
   98.2150  NeVI 98         1.220000e-01  0.0000e+00
   98.3390  MgV 98          3.990000e-02  0.0000e+00
   98.4771  FeVIII 98       1.050000e-01  0.0000e+00
   98.7165  MgV 98          3.900000e-02  0.0000e+00
   99.2201  FVI 99          1.110000e-01  0.0000e+00
   99.3980  AlV 99          6.230000e-02  0.0000e+00
   99.5062  SiVI 99         1.170000e-01  0.0000e+00
   99.6880  OVI 99          1.690000e-02  0.0000e+00
  401.1400  NeVI 401        1.680000e-01  0.0000e+00
  405.8538  NeII 405        5.860000e-02  0.0000e+00
  418.5980  OII 418         7.340000e-03  0.0000e+00
  429.9180  OII 429         6.180000e-02  0.0000e+00
  430.0410  OII 430a        1.240000e-01  0.0000e+00
  430.1770  OII 430b        1.860000e-01  0.0000e+00
  433.1760  NeVI 433        5.050000e-02  0.0000e+00
  446.2556  NeII 446        9.740000e-02  0.0000e+00
  465.2210  NeVII 465       3.890000e-01  0.0000e+00
  475.6481  NII 475         1.190000e-01  0.0000e+00
  489.5050  NeIII 489       1.310000e-01  0.0000e+00
  507.3910  OIII 507        1.850000e-01  0.0000e+00
  507.7178  HeI 507         2.590000e-03  0.0000e+00
  508.6431  HeI 508         3.690000e-03  0.0000e+00
  509.9979  HeI 509         5.530000e-03  0.0000e+00
  515.6166  HeI 515         1.540000e-02  0.0000e+00
  522.2128  HeI 522         3.070000e-02  0.0000e+00
  533.5099  NII 533         2.990000e-01  0.0000e+00
  537.0296  HeI 537         7.520000e-02  0.0000e+00
  539.0855  OII 539a        6.520000e-02  0.0000e+00
  539.5489  OII 539b        4.350000e-02  0.0000e+00
  541.1270  NeIV 541        3.900000e-02  0.0000e+00
  542.0730  NeIV 542        7.790000e-02  0.0000e+00
  543.2570  CII 543         3.490000e-02  0.0000e+00
  543.8910  NeIV 543        1.160000e-01  0.0000e+00
  551.3621  ArVI 551        0.000000e+00  nan
  553.3300  OIV 553         1.120000e-01  0.0000e+00
  554.0750  OIV 554         2.240000e-01  0.0000e+00
  557.7630  CaX 557         3.430000e-01  0.0000e+00
  558.5900  NeVI 558        9.070000e-02  0.0000e+00
  560.2394  CII 560         5.710000e-02  0.0000e+00
  562.7110  NeVI* 562a      0.000000e+00  nan
  568.4200  NeV 568         9.280000e-02  0.0000e+00
  569.7580  NeV* 569a       0.000000e+00  nan
  574.0100  CaX 574         1.660000e-01  0.0000e+00
  582.8450  CaVIII 582      7.250000e-02  0.0000e+00
  584.3340  HeI 584         2.850000e-01  0.0000e+00
  585.7500  ArVII 585       1.240000e+00  0.0000e+00
  594.8000  CII 594         1.170000e-01  0.0000e+00
  608.3980  OIV 608         6.700000e-02  0.0000e+00
  609.7900  MgX 609         8.420000e-02  0.0000e+00
  609.9500  MgX 609         8.420000e-02  0.0000e+00
  624.9500  MgX 624         4.100000e-02  0.0000e+00
  629.7300  OV 629          5.150000e-01  0.0000e+00
  640.9020  SII 640         1.740000e-01  0.0000e+00
  641.7670  SII 641         2.600000e-01  0.0000e+00
  644.6337  NII 644         2.240000e-01  0.0000e+00
  657.3400  SIV 657         1.180000e+00  0.0000e+00
  677.7460  SIII 677        1.640000e+00  0.0000e+00
  681.4700  SIII 681        6.830000e-02  0.0000e+00
  681.7200  NaIX 681        9.240000e-02  0.0000e+00
  684.9960  NIII 684        1.350000e-01  0.0000e+00
  685.5130  NIII 685        2.680000e-01  0.0000e+00
  687.0526  CII 687         3.360000e-01  0.0000e+00
  694.2700  NaIX 694        4.540000e-02  0.0000e+00
  698.7310  SIII 698        7.830000e-01  0.0000e+00
  702.3320  OIII 702        1.370000e-01  0.0000e+00
  724.2890  SIII 724        3.520000e-01  0.0000e+00
  744.9070  SIV 744         2.510000e-01  0.0000e+00
  748.4000  SIV 748         5.000000e-01  0.0000e+00
  763.3400  NIII 763        8.200000e-02  0.0000e+00
  763.6570  SII 763         3.980000e-01  0.0000e+00
  764.4200  SII 764         7.950000e-01  0.0000e+00
  765.1480  NIV 765         0.000000e+00  0.0000e+00
  765.6930  SII 765         1.190000e+00  0.0000e+00
  770.4090  NeVIII 770      1.030000e-01  0.0000e+00
  780.3240  NeVIII 780      5.050000e-02  0.0000e+00
  786.4800  SV 786          1.420000e+00  0.0000e+00
  787.7110  OIV 787         0.000000e+00  0.0000e+00
  791.9732  OI 791          4.640000e-02  0.0000e+00
  809.6680  SIV 809         1.040000e-01  0.0000e+00
  832.7572  OII 832         4.440000e-02  0.0000e+00
  832.9270  OIII 832        1.070000e-01  0.0000e+00
  833.3294  OII 833         8.860000e-02  0.0000e+00
  834.4655  OII 834         1.320000e-01  0.0000e+00
  844.2880  FeIII 844       6.840000e-02  0.0000e+00
  858.0918  CII 858         1.300000e-02  0.0000e+00
  859.7230  FeIII 859       1.150000e-01  0.0000e+00
  877.7983  OI 877a         1.970000e-02  0.0000e+00
  883.1250  ClV 883         5.300000e-01  0.0000e+00
  903.9616  CII 903b        3.360000e-01  0.0000e+00
  911.7633  HI LLS          0.000000e+00  0.0000e+00
  912.6450  HI 912a         4.800000e-05  0.0000e+00
  912.7030  HI 912b         5.300000e-05  0.0000e+00
  912.7680  HI 912c         5.800000e-05  0.0000e+00
  912.8390  HI 912d         6.400000e-05  0.0000e+00
  912.9180  HI 912e         7.100000e-05  0.0000e+00
  913.0060  HI 912a         8.000000e-05  0.0000e+00
  913.1040  HI 912b         8.900000e-05  0.0000e+00
  913.2150  HI 912c         1.010000e-04  0.0000e+00
  913.3390  HI 912d         1.140000e-04  0.0000e+00
  913.4800  HI 912e         1.290000e-04  0.0000e+00
  913.6410  HI 912f         1.480000e-04  0.0000e+00
  913.8260  HI 912g         1.700000e-04  0.0000e+00
  914.0390  HI 914a         1.970000e-04  0.0000e+00
  914.2860  HI 914b         2.300000e-04  0.0000e+00
  914.5760  HI 914c         2.700000e-04  0.0000e+00
  914.9190  HI 914d         3.210000e-04  0.0000e+00
  915.0800  DI 915a         3.860000e-04  0.0000e+00
  915.3290  HI 915a         3.860000e-04  0.0000e+00
  915.5750  DI 915b         4.690000e-04  0.0000e+00
  915.8240  HI 915b         4.690000e-04  0.0000e+00
  916.1790  DI 916          5.770000e-04  0.0000e+00
  916.4290  HI 916          5.770000e-04  0.0000e+00
  916.9310  DI 917          7.230000e-04  0.0000e+00
  917.1806  HI 917          7.230000e-04  0.0000e+00
  917.8790  DI 918          9.210000e-04  0.0000e+00
  918.1294  HI 918          9.210000e-04  0.0000e+00
  919.1020  DI 919          1.201000e-03  0.0000e+00
  919.3514  HI 919          1.200000e-03  0.0000e+00
  920.7120  DI 920          1.605000e-03  0.0000e+00
  920.9631  HI 920          1.605000e-03  0.0000e+00
  922.8990  DI 923          2.216000e-03  0.0000e+00
  923.1504  HI 923          2.216000e-03  0.0000e+00
  925.9737  DI 926          3.184000e-03  0.0000e+00
  926.2257  HI 926          3.183000e-03  0.0000e+00
  930.4951  DI 930          4.817000e-03  0.0000e+00
  930.7483  HI 930          4.814000e-03  0.0000e+00
  933.3780  SVI 933         4.414000e-01  0.0000e+00
  937.5484  DI 937          7.808000e-03  0.0000e+00
  937.8035  HI 937          7.799000e-03  0.0000e+00
  944.5230  SVI 944         2.181000e-01  0.0000e+00
  949.4847  DI 949          1.395000e-02  0.0000e+00
  949.7431  HI 949          1.394000e-02  0.0000e+00
  972.2722  DI 972          2.901000e-02  0.0000e+00
  972.5368  HI 972          2.900000e-02  0.0000e+00
  977.0200  CIII 977        7.620000e-01  0.0000e+00
  989.7990  NIII 989        1.066000e-01  0.0000e+00
 1012.5020  SIII 1012       3.550000e-02  0.0000e+00
 1025.4433  DI 1025         7.910000e-02  0.0000e+00
 1025.7223  HI 1025         7.912000e-02  0.0000e+00
 1031.9261  OVI 1031        1.329000e-01  0.0000e+00
 1036.3367  CII 1036        1.231000e-01  0.0000e+00
 1037.6167  OVI 1037        6.609000e-02  0.0000e+00
 1062.6620  SIV 1062        3.999000e-02  0.0000e+00
 1083.9900  NII 1083        1.031000e-01  0.0000e+00
 1117.9770  PV 1117         4.732000e-01  0.0000e+00
 1122.5260  FeIII 1122      5.390000e-02  0.0000e+00
 1128.0080  PV 1128         2.345000e-01  0.0000e+00
 1144.9379  FeII 1144       1.060000e-01  0.0000e+00
 1190.4158  SiII 1190       2.502000e-01  0.0000e+00
 1193.2897  SiII 1193       4.991000e-01  0.0000e+00
 1200.7098  NI 1200c        4.300000e-02  0.0000e+00
 1206.5000  SiIII 1206      1.660000e+00  0.0000e+00
 1215.3394  DI 1215         4.165000e-01  0.0000e+00
 1215.6701  HI 1215         4.164000e-01  0.0000e+00
 1238.8210  NV 1238         1.570000e-01  0.0000e+00
 1242.8040  NV 1242         7.823000e-02  0.0000e+00
 1260.4221  SiII 1260       1.007000e+00  0.0000e+00
 1264.7377  SiII 1264       9.034000e-01  0.0000e+00
 1302.1685  OI 1302         4.887000e-02  0.0000e+00
 1304.3702  SiII 1304       9.400000e-02  0.0000e+00
 1334.5323  CII 1334        1.278000e-01  0.0000e+00
 1335.7077  CII* 1335       1.149000e-01  0.0000e+00
 1393.7550  SiIV 1393       5.280000e-01  0.0000e+00
 1402.7700  SiIV 1402       2.620000e-01  0.0000e+00
 1526.7066  SiII 1526       1.270000e-01  0.0000e+00
 1548.1950  CIV 1548        1.908000e-01  0.0000e+00
 1550.7700  CIV 1550        9.522000e-02  0.0000e+00
 1608.4511  FeII 1608       5.800000e-02  0.0000e+00
 1670.7874  AlII 1670       1.880000e+00  0.0000e+00
 1808.0130  SiII 1808       2.186000e-03  0.0000e+00
 1854.7164  AlIII 1854      5.390000e-01  0.0000e+00
 1862.7895  AlIII 1862      2.680000e-01  0.0000e+00
 2026.1360  ZnII 2026       4.890000e-01  0.0000e+00
 2344.2140  FeII 2344       1.140000e-01  0.0000e+00
 2374.4612  FeII 2374       3.130000e-02  0.0000e+00
 2382.7650  FeII 2382       3.200000e-01  0.0000e+00
 2586.6500  FeII 2586       6.910000e-02  0.0000e+00
 2600.1729  FeII 2600       2.390000e-01  0.0000e+00
 2796.3520  MgII 2796       6.123000e-01  0.0000e+00
 2803.5310  MgII 2803       3.054000e-01  0.0000e+00
 2852.9642  MgI 2852        1.810000e+00  0.0000e+00
 3934.7770  CaII 3934       6.500000e-01  0.0000e+00
 3969.5910  CaII 3969       3.220000e-01  0.0000e+00
 5891.5833  NaI 5891        6.311000e-01  0.0000e+00
 5897.5581  NaI 5897        3.180000e-01  0.0000e+00
